2023-04-12T16:29:43.930+0800	[34mINFO[0m	clients/client_factory.go:47	logDir:<C:\Users\22378\GolandProjects\twenty_game\game_srv\user_srv\log>   cacheDir:<C:\Users\22378\GolandProjects\twenty_game\game_srv\user_srv\cache>
2023-04-12T16:31:19.407+0800	[34mINFO[0m	clients/client_factory.go:47	logDir:<C:\Users\22378\GolandProjects\twenty_game\game_srv\user_srv\log>   cacheDir:<C:\Users\22378\GolandProjects\twenty_game\game_srv\user_srv\cache>
2023-04-12T16:33:03.875+0800	[34mINFO[0m	clients/client_factory.go:47	logDir:<C:\Users\22378\GolandProjects\twenty_game\game_srv\user_srv\log>   cacheDir:<C:\Users\22378\GolandProjects\twenty_game\game_srv\user_srv\cache>
2023-04-12T17:23:36.269+0800	[34mINFO[0m	clients/client_factory.go:47	logDir:<C:\Users\22378\GolandProjects\twenty_game\game_srv\user_srv\log>   cacheDir:<C:\Users\22378\GolandProjects\twenty_game\game_srv\user_srv\cache>
2023-04-12T17:24:29.001+0800	[34mINFO[0m	clients/client_factory.go:47	logDir:<C:\Users\22378\GolandProjects\twenty_game\game_srv\user_srv\log>   cacheDir:<C:\Users\22378\GolandProjects\twenty_game\game_srv\user_srv\cache>
2023-04-12T17:27:45.462+0800	[34mINFO[0m	clients/client_factory.go:47	logDir:<C:\Users\22378\GolandProjects\twenty_game\game_srv\user_srv\log>   cacheDir:<C:\Users\22378\GolandProjects\twenty_game\game_srv\user_srv\cache>
2023-04-12T21:26:20.135+0800	[34mINFO[0m	clients/client_factory.go:47	logDir:<C:\Users\22378\GolandProjects\twenty_game\game_srv\user_srv\log>   cacheDir:<C:\Users\22378\GolandProjects\twenty_game\game_srv\user_srv\cache>
2023-04-12T21:49:09.747+0800	[34mINFO[0m	clients/client_factory.go:47	logDir:<C:\Users\22378\GolandProjects\twenty_game\game_srv\user_srv\log>   cacheDir:<C:\Users\22378\GolandProjects\twenty_game\game_srv\user_srv\cache>
2023-04-12T22:03:39.040+0800	[34mINFO[0m	clients/client_factory.go:47	logDir:<C:\Users\22378\GolandProjects\twenty_game\game_srv\user_srv\log>   cacheDir:<C:\Users\22378\GolandProjects\twenty_game\game_srv\user_srv\cache>
2023-04-12T22:11:35.269+0800	[34mINFO[0m	clients/client_factory.go:47	logDir:<C:\Users\22378\GolandProjects\twenty_game\game_srv\user_srv\log>   cacheDir:<C:\Users\22378\GolandProjects\twenty_game\game_srv\user_srv\cache>
2023-04-12T22:12:34.467+0800	[34mINFO[0m	clients/client_factory.go:47	logDir:<C:\Users\22378\GolandProjects\twenty_game\game_srv\user_srv\log>   cacheDir:<C:\Users\22378\GolandProjects\twenty_game\game_srv\user_srv\cache>
2023-04-12T22:14:52.926+0800	[34mINFO[0m	clients/client_factory.go:47	logDir:<C:\Users\22378\GolandProjects\twenty_game\game_srv\user_srv\log>   cacheDir:<C:\Users\22378\GolandProjects\twenty_game\game_srv\user_srv\cache>
2023-04-12T22:18:45.206+0800	[34mINFO[0m	clients/client_factory.go:47	logDir:<C:\Users\22378\GolandProjects\twenty_game\game_srv\user_srv\log>   cacheDir:<C:\Users\22378\GolandProjects\twenty_game\game_srv\user_srv\cache>
2023-04-12T22:31:36.396+0800	[34mINFO[0m	clients/client_factory.go:47	logDir:<C:\Users\22378\GolandProjects\twenty_game\game_srv\user_srv\log>   cacheDir:<C:\Users\22378\GolandProjects\twenty_game\game_srv\user_srv\cache>
2023-04-12T23:37:08.046+0800	[34mINFO[0m	clients/client_factory.go:47	logDir:<C:\Users\22378\GolandProjects\twenty_game\game_srv\user_srv\log>   cacheDir:<C:\Users\22378\GolandProjects\twenty_game\game_srv\user_srv\cache>
2023-04-12T23:38:28.882+0800	[34mINFO[0m	clients/client_factory.go:47	logDir:<C:\Users\22378\GolandProjects\twenty_game\game_srv\user_srv\log>   cacheDir:<C:\Users\22378\GolandProjects\twenty_game\game_srv\user_srv\cache>
2023-04-13T00:18:45.667+0800	[34mINFO[0m	clients/client_factory.go:47	logDir:<C:\Users\22378\GolandProjects\twenty_game\game_srv\user_srv\log>   cacheDir:<C:\Users\22378\GolandProjects\twenty_game\game_srv\user_srv\cache>
2023-04-13T10:01:11.891+0800	[34mINFO[0m	clients/client_factory.go:47	logDir:<C:\Users\22378\GolandProjects\twenty_game\game_srv\user_srv\log>   cacheDir:<C:\Users\22378\GolandProjects\twenty_game\game_srv\user_srv\cache>
2023-04-13T10:01:13.938+0800	[31mERROR[0m	nacos_server/nacos_server.go:199	api</v1/cs/configs>,method:<GET>, params:<{"dataId":"user_srv.json","group":"pro","tenant":"d57ea382-6b60-4022-8c3f-58e7dbcf3ba4"}>, call domain error:<Get "http://192.168.159.134:8848/nacos/v1/cs/configs?dataId=user_srv.json&group=pro&tenant=d57ea382-6b60-4022-8c3f-58e7dbcf3ba4": dial tcp 192.168.159.134:8848: connectex: No connection could be made because the target machine actively refused it.> , result:<>
2023-04-13T10:01:15.987+0800	[31mERROR[0m	nacos_server/nacos_server.go:199	api</v1/cs/configs>,method:<GET>, params:<{"dataId":"user_srv.json","group":"pro","tenant":"d57ea382-6b60-4022-8c3f-58e7dbcf3ba4"}>, call domain error:<Get "http://192.168.159.134:8848/nacos/v1/cs/configs?dataId=user_srv.json&group=pro&tenant=d57ea382-6b60-4022-8c3f-58e7dbcf3ba4": dial tcp 192.168.159.134:8848: connectex: No connection could be made because the target machine actively refused it.> , result:<>
2023-04-13T10:01:18.032+0800	[31mERROR[0m	nacos_server/nacos_server.go:199	api</v1/cs/configs>,method:<GET>, params:<{"dataId":"user_srv.json","group":"pro","tenant":"d57ea382-6b60-4022-8c3f-58e7dbcf3ba4"}>, call domain error:<Get "http://192.168.159.134:8848/nacos/v1/cs/configs?dataId=user_srv.json&group=pro&tenant=d57ea382-6b60-4022-8c3f-58e7dbcf3ba4": dial tcp 192.168.159.134:8848: connectex: No connection could be made because the target machine actively refused it.> , result:<>
2023-04-13T10:01:18.032+0800	[31mERROR[0m	config_client/config_client.go:202	get config from server error:Get "http://192.168.159.134:8848/nacos/v1/cs/configs?dataId=user_srv.json&group=pro&tenant=d57ea382-6b60-4022-8c3f-58e7dbcf3ba4": dial tcp 192.168.159.134:8848: connectex: No connection could be made because the target machine actively refused it. 
2023-04-13T10:11:13.447+0800	[34mINFO[0m	clients/client_factory.go:47	logDir:<C:\Users\22378\GolandProjects\twenty_game\game_srv\user_srv\log>   cacheDir:<C:\Users\22378\GolandProjects\twenty_game\game_srv\user_srv\cache>
2023-04-13T12:08:53.343+0800	[34mINFO[0m	clients/client_factory.go:47	logDir:<C:\Users\22378\GolandProjects\twenty_game\game_srv\user_srv\log>   cacheDir:<C:\Users\22378\GolandProjects\twenty_game\game_srv\user_srv\cache>
2023-04-13T17:27:10.531+0800	[34mINFO[0m	clients/client_factory.go:47	logDir:<C:\Users\22378\GolandProjects\twenty_game\game_srv\user_srv\log>   cacheDir:<C:\Users\22378\GolandProjects\twenty_game\game_srv\user_srv\cache>
2023-04-13T18:17:43.147+0800	[34mINFO[0m	clients/client_factory.go:47	logDir:<C:\Users\22378\GolandProjects\twenty_game\game_srv\user_srv\log>   cacheDir:<C:\Users\22378\GolandProjects\twenty_game\game_srv\user_srv\cache>
2023-04-14T15:15:22.098+0800	[34mINFO[0m	clients/client_factory.go:47	logDir:<C:\Users\22378\GolandProjects\twenty_game\game_srv\user_srv\log>   cacheDir:<C:\Users\22378\GolandProjects\twenty_game\game_srv\user_srv\cache>
2023-04-14T15:15:24.138+0800	[31mERROR[0m	nacos_server/nacos_server.go:199	api</v1/cs/configs>,method:<GET>, params:<{"dataId":"user_srv.json","group":"pro","tenant":"b8269140-ced0-4bae-9862-2297682d49c2"}>, call domain error:<Get "http://127.0.0.1:8848/nacos/v1/cs/configs?group=pro&tenant=b8269140-ced0-4bae-9862-2297682d49c2&dataId=user_srv.json": dial tcp 127.0.0.1:8848: connectex: No connection could be made because the target machine actively refused it.> , result:<>
2023-04-14T15:15:26.158+0800	[31mERROR[0m	nacos_server/nacos_server.go:199	api</v1/cs/configs>,method:<GET>, params:<{"dataId":"user_srv.json","group":"pro","tenant":"b8269140-ced0-4bae-9862-2297682d49c2"}>, call domain error:<Get "http://127.0.0.1:8848/nacos/v1/cs/configs?tenant=b8269140-ced0-4bae-9862-2297682d49c2&dataId=user_srv.json&group=pro": dial tcp 127.0.0.1:8848: connectex: No connection could be made because the target machine actively refused it.> , result:<>
2023-04-14T15:15:28.174+0800	[31mERROR[0m	nacos_server/nacos_server.go:199	api</v1/cs/configs>,method:<GET>, params:<{"dataId":"user_srv.json","group":"pro","tenant":"b8269140-ced0-4bae-9862-2297682d49c2"}>, call domain error:<Get "http://127.0.0.1:8848/nacos/v1/cs/configs?dataId=user_srv.json&group=pro&tenant=b8269140-ced0-4bae-9862-2297682d49c2": dial tcp 127.0.0.1:8848: connectex: No connection could be made because the target machine actively refused it.> , result:<>
2023-04-14T15:15:28.174+0800	[31mERROR[0m	config_client/config_client.go:202	get config from server error:Get "http://127.0.0.1:8848/nacos/v1/cs/configs?dataId=user_srv.json&group=pro&tenant=b8269140-ced0-4bae-9862-2297682d49c2": dial tcp 127.0.0.1:8848: connectex: No connection could be made because the target machine actively refused it. 
2023-04-14T15:15:28.175+0800	[31mERROR[0m	config_client/config_client.go:216	get config from cache  error:failed to read config cache file:C:\Users\22378\GolandProjects\twenty_game\game_srv\user_srv\cache\config\user_srv.json@@pro@@b8269140-ced0-4bae-9862-2297682d49c2,err:open C:\Users\22378\GolandProjects\twenty_game\game_srv\user_srv\cache\config\user_srv.json@@pro@@b8269140-ced0-4bae-9862-2297682d49c2: The system cannot find the file specified.  
2023-04-14T15:17:20.861+0800	[34mINFO[0m	clients/client_factory.go:47	logDir:<C:\Users\22378\GolandProjects\twenty_game\game_srv\user_srv\log>   cacheDir:<C:\Users\22378\GolandProjects\twenty_game\game_srv\user_srv\cache>
2023-04-14T15:18:03.976+0800	[34mINFO[0m	clients/client_factory.go:47	logDir:<C:\Users\22378\GolandProjects\twenty_game\game_srv\user_srv\log>   cacheDir:<C:\Users\22378\GolandProjects\twenty_game\game_srv\user_srv\cache>
2023-04-14T15:34:53.449+0800	[34mINFO[0m	clients/client_factory.go:47	logDir:<C:\Users\22378\GolandProjects\twenty_game\game_srv\user_srv\log>   cacheDir:<C:\Users\22378\GolandProjects\twenty_game\game_srv\user_srv\cache>
2023-04-14T15:36:46.529+0800	[34mINFO[0m	clients/client_factory.go:47	logDir:<C:\Users\22378\GolandProjects\twenty_game\game_srv\user_srv\log>   cacheDir:<C:\Users\22378\GolandProjects\twenty_game\game_srv\user_srv\cache>
2023-04-14T15:36:46.545+0800	[31mERROR[0m	nacos_server/nacos_server.go:199	api</v1/cs/configs>,method:<GET>, params:<{"dataId":"user_srv.json","group":"dev","tenant":"d57ea382-6b60-4022-8c3f-58e7dbcf3ba4"}>, call domain error:<[404] Invalid URL path: not a recognized HTTP API endpoint
> , result:<Invalid URL path: not a recognized HTTP API endpoint
>
2023-04-14T15:36:46.546+0800	[31mERROR[0m	nacos_server/nacos_server.go:199	api</v1/cs/configs>,method:<GET>, params:<{"dataId":"user_srv.json","group":"dev","tenant":"d57ea382-6b60-4022-8c3f-58e7dbcf3ba4"}>, call domain error:<[404] Invalid URL path: not a recognized HTTP API endpoint
> , result:<Invalid URL path: not a recognized HTTP API endpoint
>
2023-04-14T15:36:46.547+0800	[31mERROR[0m	nacos_server/nacos_server.go:199	api</v1/cs/configs>,method:<GET>, params:<{"dataId":"user_srv.json","group":"dev","tenant":"d57ea382-6b60-4022-8c3f-58e7dbcf3ba4"}>, call domain error:<[404] Invalid URL path: not a recognized HTTP API endpoint
> , result:<Invalid URL path: not a recognized HTTP API endpoint
>
2023-04-14T15:36:46.547+0800	[31mERROR[0m	config_client/config_client.go:202	get config from server error:[404] Invalid URL path: not a recognized HTTP API endpoint
 
2023-04-14T15:36:46.547+0800	[33mWARN[0m	config_client/config_client.go:207	[client.GetConfig] config not found, dataId: user_srv.json, group: dev, namespaceId: d57ea382-6b60-4022-8c3f-58e7dbcf3ba4.
2023-04-14T15:38:45.315+0800	[34mINFO[0m	clients/client_factory.go:47	logDir:<C:\Users\22378\GolandProjects\twenty_game\game_srv\user_srv\log>   cacheDir:<C:\Users\22378\GolandProjects\twenty_game\game_srv\user_srv\cache>
2023-04-14T15:45:37.978+0800	[34mINFO[0m	clients/client_factory.go:47	logDir:<C:\Users\22378\GolandProjects\twenty_game\game_srv\user_srv\log>   cacheDir:<C:\Users\22378\GolandProjects\twenty_game\game_srv\user_srv\cache>
2023-04-14T15:45:58.901+0800	[34mINFO[0m	clients/client_factory.go:47	logDir:<C:\Users\22378\GolandProjects\twenty_game\game_srv\user_srv\log>   cacheDir:<C:\Users\22378\GolandProjects\twenty_game\game_srv\user_srv\cache>
2023-04-14T15:48:46.928+0800	[34mINFO[0m	clients/client_factory.go:47	logDir:<C:\Users\22378\GolandProjects\twenty_game\game_srv\user_srv\log>   cacheDir:<C:\Users\22378\GolandProjects\twenty_game\game_srv\user_srv\cache>
2023-04-14T15:53:31.572+0800	[34mINFO[0m	clients/client_factory.go:47	logDir:<C:\Users\22378\GolandProjects\twenty_game\game_srv\user_srv\log>   cacheDir:<C:\Users\22378\GolandProjects\twenty_game\game_srv\user_srv\cache>
2023-04-14T15:54:11.968+0800	[34mINFO[0m	clients/client_factory.go:47	logDir:<C:\Users\22378\GolandProjects\twenty_game\game_srv\user_srv\log>   cacheDir:<C:\Users\22378\GolandProjects\twenty_game\game_srv\user_srv\cache>
2023-04-14T16:12:27.289+0800	[34mINFO[0m	clients/client_factory.go:47	logDir:<C:\Users\22378\GolandProjects\twenty_game\game_srv\user_srv\log>   cacheDir:<C:\Users\22378\GolandProjects\twenty_game\game_srv\user_srv\cache>
2023-04-14T16:20:17.850+0800	[34mINFO[0m	clients/client_factory.go:47	logDir:<C:\Users\22378\GolandProjects\twenty_game\game_srv\user_srv\log>   cacheDir:<C:\Users\22378\GolandProjects\twenty_game\game_srv\user_srv\cache>
2023-04-14T16:20:26.832+0800	[34mINFO[0m	clients/client_factory.go:47	logDir:<C:\Users\22378\GolandProjects\twenty_game\game_srv\user_srv\log>   cacheDir:<C:\Users\22378\GolandProjects\twenty_game\game_srv\user_srv\cache>
2023-04-14T16:24:23.052+0800	[34mINFO[0m	clients/client_factory.go:47	logDir:<C:\Users\22378\GolandProjects\twenty_game\game_srv\user_srv\log>   cacheDir:<C:\Users\22378\GolandProjects\twenty_game\game_srv\user_srv\cache>
2023-04-14T16:24:38.944+0800	[34mINFO[0m	clients/client_factory.go:47	logDir:<C:\Users\22378\GolandProjects\twenty_game\game_srv\user_srv\log>   cacheDir:<C:\Users\22378\GolandProjects\twenty_game\game_srv\user_srv\cache>
2023-04-14T16:26:34.794+0800	[34mINFO[0m	clients/client_factory.go:47	logDir:<C:\Users\22378\GolandProjects\twenty_game\game_srv\user_srv\log>   cacheDir:<C:\Users\22378\GolandProjects\twenty_game\game_srv\user_srv\cache>
2023-04-14T16:30:11.523+0800	[34mINFO[0m	clients/client_factory.go:47	logDir:<C:\Users\22378\GolandProjects\twenty_game\game_srv\user_srv\log>   cacheDir:<C:\Users\22378\GolandProjects\twenty_game\game_srv\user_srv\cache>
2023-04-14T16:32:52.739+0800	[34mINFO[0m	clients/client_factory.go:47	logDir:<C:\Users\22378\GolandProjects\twenty_game\game_srv\user_srv\log>   cacheDir:<C:\Users\22378\GolandProjects\twenty_game\game_srv\user_srv\cache>
2023-04-14T16:35:40.373+0800	[34mINFO[0m	clients/client_factory.go:47	logDir:<C:\Users\22378\GolandProjects\twenty_game\game_srv\user_srv\log>   cacheDir:<C:\Users\22378\GolandProjects\twenty_game\game_srv\user_srv\cache>
2023-04-14T16:49:46.849+0800	[34mINFO[0m	clients/client_factory.go:47	logDir:<C:\Users\22378\GolandProjects\twenty_game\game_srv\user_srv\log>   cacheDir:<C:\Users\22378\GolandProjects\twenty_game\game_srv\user_srv\cache>
2023-04-14T16:57:59.371+0800	[34mINFO[0m	clients/client_factory.go:47	logDir:<C:\Users\22378\GolandProjects\twenty_game\game_srv\user_srv\log>   cacheDir:<C:\Users\22378\GolandProjects\twenty_game\game_srv\user_srv\cache>
2023-04-14T17:07:56.406+0800	[34mINFO[0m	clients/client_factory.go:47	logDir:<C:\Users\22378\GolandProjects\twenty_game\game_srv\user_srv\log>   cacheDir:<C:\Users\22378\GolandProjects\twenty_game\game_srv\user_srv\cache>
2023-04-14T19:52:25.355+0800	[34mINFO[0m	clients/client_factory.go:47	logDir:<C:\Users\22378\GolandProjects\twenty_game\game_srv\user_srv\log>   cacheDir:<C:\Users\22378\GolandProjects\twenty_game\game_srv\user_srv\cache>
2023-04-14T19:57:07.439+0800	[34mINFO[0m	clients/client_factory.go:47	logDir:<C:\Users\22378\GolandProjects\twenty_game\game_srv\user_srv\log>   cacheDir:<C:\Users\22378\GolandProjects\twenty_game\game_srv\user_srv\cache>
2023-04-14T20:01:02.050+0800	[34mINFO[0m	clients/client_factory.go:47	logDir:<C:\Users\22378\GolandProjects\twenty_game\game_srv\user_srv\log>   cacheDir:<C:\Users\22378\GolandProjects\twenty_game\game_srv\user_srv\cache>
2023-04-14T20:02:24.138+0800	[34mINFO[0m	clients/client_factory.go:47	logDir:<C:\Users\22378\GolandProjects\twenty_game\game_srv\user_srv\log>   cacheDir:<C:\Users\22378\GolandProjects\twenty_game\game_srv\user_srv\cache>
2023-04-14T20:48:48.984+0800	[34mINFO[0m	clients/client_factory.go:47	logDir:<C:\Users\22378\GolandProjects\twenty_game\game_srv\user_srv\log>   cacheDir:<C:\Users\22378\GolandProjects\twenty_game\game_srv\user_srv\cache>
2023-04-14T20:52:28.655+0800	[34mINFO[0m	clients/client_factory.go:47	logDir:<C:\Users\22378\GolandProjects\twenty_game\game_srv\user_srv\log>   cacheDir:<C:\Users\22378\GolandProjects\twenty_game\game_srv\user_srv\cache>
2023-04-14T20:53:15.556+0800	[34mINFO[0m	clients/client_factory.go:47	logDir:<C:\Users\22378\GolandProjects\twenty_game\game_srv\user_srv\log>   cacheDir:<C:\Users\22378\GolandProjects\twenty_game\game_srv\user_srv\cache>
2023-04-14T21:03:03.531+0800	[34mINFO[0m	clients/client_factory.go:47	logDir:<C:\Users\22378\GolandProjects\twenty_game\game_srv\user_srv\log>   cacheDir:<C:\Users\22378\GolandProjects\twenty_game\game_srv\user_srv\cache>
2023-04-14T21:12:12.116+0800	[34mINFO[0m	clients/client_factory.go:47	logDir:<C:\Users\22378\GolandProjects\twenty_game\game_srv\user_srv\log>   cacheDir:<C:\Users\22378\GolandProjects\twenty_game\game_srv\user_srv\cache>
2023-04-14T21:33:54.410+0800	[34mINFO[0m	clients/client_factory.go:47	logDir:<C:\Users\22378\GolandProjects\twenty_game\game_srv\user_srv\log>   cacheDir:<C:\Users\22378\GolandProjects\twenty_game\game_srv\user_srv\cache>
2023-04-15T08:32:06.061+0800	[34mINFO[0m	clients/client_factory.go:47	logDir:<C:\Users\22378\GolandProjects\twenty_game\game_srv\user_srv\log>   cacheDir:<C:\Users\22378\GolandProjects\twenty_game\game_srv\user_srv\cache>
2023-04-15T08:32:36.910+0800	[34mINFO[0m	clients/client_factory.go:47	logDir:<C:\Users\22378\GolandProjects\twenty_game\game_srv\user_srv\log>   cacheDir:<C:\Users\22378\GolandProjects\twenty_game\game_srv\user_srv\cache>
2023-04-15T08:45:52.647+0800	[34mINFO[0m	clients/client_factory.go:47	logDir:<C:\Users\22378\GolandProjects\twenty_game\game_srv\user_srv\log>   cacheDir:<C:\Users\22378\GolandProjects\twenty_game\game_srv\user_srv\cache>
2023-04-15T23:51:58.472+0800	[34mINFO[0m	clients/client_factory.go:47	logDir:<C:\Users\22378\GolandProjects\twenty_game\srv\user_srv\log>   cacheDir:<C:\Users\22378\GolandProjects\twenty_game\srv\user_srv\cache>
2023-04-16T10:09:21.740+0800	[34mINFO[0m	clients/client_factory.go:47	logDir:<C:\Users\22378\GolandProjects\twenty_game\srv\user_srv\log>   cacheDir:<C:\Users\22378\GolandProjects\twenty_game\srv\user_srv\cache>
2023-04-16T10:12:03.237+0800	[34mINFO[0m	clients/client_factory.go:47	logDir:<C:\Users\22378\GolandProjects\twenty_game\srv\user_srv\log>   cacheDir:<C:\Users\22378\GolandProjects\twenty_game\srv\user_srv\cache>
2023-04-16T10:16:58.181+0800	[34mINFO[0m	clients/client_factory.go:47	logDir:<C:\Users\22378\GolandProjects\twenty_game\srv\user_srv\log>   cacheDir:<C:\Users\22378\GolandProjects\twenty_game\srv\user_srv\cache>
2023-04-16T18:15:08.013+0800	[34mINFO[0m	clients/client_factory.go:47	logDir:<C:\Users\22378\GolandProjects\twenty_game\srv\user_srv\log>   cacheDir:<C:\Users\22378\GolandProjects\twenty_game\srv\user_srv\cache>
2023-04-16T18:24:26.191+0800	[34mINFO[0m	clients/client_factory.go:47	logDir:<C:\Users\22378\GolandProjects\twenty_game\srv\user_srv\log>   cacheDir:<C:\Users\22378\GolandProjects\twenty_game\srv\user_srv\cache>
