2023-07-25T12:46:26.650+0800	INFO	user_srv/main.go:47	启动服务成功

2023/07/25 13:15:02 [31;1m/root/twenty_game/srv/user_srv/handler/user.go:31 [35;1mrecord not found
[0m[33m[3.013ms] [34;1m[rows:0][0m SELECT * FROM `users` WHERE user_name = 'sunn' AND `users`.`deleted_at` IS NULL ORDER BY `users`.`id` LIMIT 1

2023/07/25 16:36:07 [31;1m/root/twenty_game/srv/user_srv/handler/user.go:31 [35;1mrecord not found
[0m[33m[3.035ms] [34;1m[rows:0][0m SELECT * FROM `users` WHERE user_name = 'qq123' AND `users`.`deleted_at` IS NULL ORDER BY `users`.`id` LIMIT 1

2023/07/25 17:06:28 [31;1m/root/twenty_game/srv/user_srv/handler/user.go:31 [35;1mrecord not found
[0m[33m[2.965ms] [34;1m[rows:0][0m SELECT * FROM `users` WHERE user_name = 'kysen' AND `users`.`deleted_at` IS NULL ORDER BY `users`.`id` LIMIT 1

2023/07/25 17:27:39 [31;1m/root/twenty_game/srv/user_srv/handler/user.go:31 [35;1mrecord not found
[0m[33m[2.951ms] [34;1m[rows:0][0m SELECT * FROM `users` WHERE user_name = 'abc' AND `users`.`deleted_at` IS NULL ORDER BY `users`.`id` LIMIT 1

2023/07/25 21:44:07 [31;1m/root/twenty_game/srv/user_srv/handler/user.go:107 [35;1mrecord not found
[0m[33m[2.971ms] [34;1m[rows:0][0m SELECT * FROM `users` WHERE user_name = '888' AND `users`.`deleted_at` IS NULL ORDER BY `users`.`id` LIMIT 1

2023/07/25 21:44:13 [31;1m/root/twenty_game/srv/user_srv/handler/user.go:107 [35;1mrecord not found
[0m[33m[2.948ms] [34;1m[rows:0][0m SELECT * FROM `users` WHERE user_name = '888' AND `users`.`deleted_at` IS NULL ORDER BY `users`.`id` LIMIT 1

2023/07/25 21:53:34 [31;1m/root/twenty_game/srv/user_srv/handler/user.go:107 [35;1mrecord not found
[0m[33m[2.946ms] [34;1m[rows:0][0m SELECT * FROM `users` WHERE user_name = 'a' AND `users`.`deleted_at` IS NULL ORDER BY `users`.`id` LIMIT 1

2023/07/25 21:53:49 [31;1m/root/twenty_game/srv/user_srv/handler/user.go:31 [35;1mrecord not found
[0m[33m[5.320ms] [34;1m[rows:0][0m SELECT * FROM `users` WHERE user_name = 'an' AND `users`.`deleted_at` IS NULL ORDER BY `users`.`id` LIMIT 1

2023/07/25 23:46:26 [31;1m/root/twenty_game/srv/user_srv/handler/user.go:31 [35;1mrecord not found
[0m[33m[4.623ms] [34;1m[rows:0][0m SELECT * FROM `users` WHERE user_name = 'mlboy' AND `users`.`deleted_at` IS NULL ORDER BY `users`.`id` LIMIT 1
[mysql] 2023/07/26 08:42:45 packets.go:122: closing bad idle connection: EOF
[mysql] 2023/07/26 08:42:45 connection.go:173: driver: bad connection

2023/07/26 09:37:33 [31;1m/root/twenty_game/srv/user_srv/handler/user.go:107 [35;1mrecord not found
[0m[33m[3.327ms] [34;1m[rows:0][0m SELECT * FROM `users` WHERE user_name = '123123' AND `users`.`deleted_at` IS NULL ORDER BY `users`.`id` LIMIT 1

2023/07/26 09:37:35 [31;1m/root/twenty_game/srv/user_srv/handler/user.go:107 [35;1mrecord not found
[0m[33m[3.335ms] [34;1m[rows:0][0m SELECT * FROM `users` WHERE user_name = '123123' AND `users`.`deleted_at` IS NULL ORDER BY `users`.`id` LIMIT 1

2023/07/26 09:37:45 [31;1m/root/twenty_game/srv/user_srv/handler/user.go:31 [35;1mrecord not found
[0m[33m[4.738ms] [34;1m[rows:0][0m SELECT * FROM `users` WHERE user_name = '12312' AND `users`.`deleted_at` IS NULL ORDER BY `users`.`id` LIMIT 1
