2023-07-14T15:11:36.912+0800	[34mINFO[0m	clients/client_factory.go:47	logDir:<C:\Users\22378\GolandProjects\twenty_game\web\store_web\log>   cacheDir:<C:\Users\22378\GolandProjects\twenty_game\web\store_web\cache>
2023-07-14T15:11:46.936+0800	[31mERROR[0m	nacos_server/nacos_server.go:75	login has error Post "http://192.168.159.134:8848/nacos/v1/auth/users/login": context deadline exceeded (Client.Timeout exceeded while awaiting headers)
2023-07-14T15:11:56.940+0800	[31mERROR[0m	nacos_server/nacos_server.go:199	api</v1/cs/configs>,method:<GET>, params:<{"dataId":"game_web.json","group":"dev","tenant":"d57ea382-6b60-4022-8c3f-58e7dbcf3ba4"}>, call domain error:<Get "http://192.168.159.134:8848/nacos/v1/cs/configs?dataId=game_web.json&group=dev&tenant=d57ea382-6b60-4022-8c3f-58e7dbcf3ba4": context deadline exceeded (Client.Timeout exceeded while awaiting headers)> , result:<>
2023-07-14T15:12:01.960+0800	[31mERROR[0m	security/security_proxy.go:84	login has error Post "http://192.168.159.134:8848/nacos/v1/auth/users/login": context deadline exceeded (Client.Timeout exceeded while awaiting headers)
2023-07-14T15:12:06.948+0800	[31mERROR[0m	nacos_server/nacos_server.go:199	api</v1/cs/configs>,method:<GET>, params:<{"dataId":"game_web.json","group":"dev","tenant":"d57ea382-6b60-4022-8c3f-58e7dbcf3ba4"}>, call domain error:<Get "http://192.168.159.134:8848/nacos/v1/cs/configs?dataId=game_web.json&group=dev&tenant=d57ea382-6b60-4022-8c3f-58e7dbcf3ba4": context deadline exceeded (Client.Timeout exceeded while awaiting headers)> , result:<>
2023-07-14T15:12:16.958+0800	[31mERROR[0m	nacos_server/nacos_server.go:199	api</v1/cs/configs>,method:<GET>, params:<{"dataId":"game_web.json","group":"dev","tenant":"d57ea382-6b60-4022-8c3f-58e7dbcf3ba4"}>, call domain error:<Get "http://192.168.159.134:8848/nacos/v1/cs/configs?tenant=d57ea382-6b60-4022-8c3f-58e7dbcf3ba4&dataId=game_web.json&group=dev": context deadline exceeded (Client.Timeout exceeded while awaiting headers)> , result:<>
2023-07-14T15:12:16.958+0800	[31mERROR[0m	config_client/config_client.go:202	get config from server error:Get "http://192.168.159.134:8848/nacos/v1/cs/configs?tenant=d57ea382-6b60-4022-8c3f-58e7dbcf3ba4&dataId=game_web.json&group=dev": context deadline exceeded (Client.Timeout exceeded while awaiting headers) 
2023-07-14T15:12:16.958+0800	[31mERROR[0m	config_client/config_client.go:216	get config from cache  error:failed to read config cache file:C:\Users\22378\GolandProjects\twenty_game\web\store_web\cache\config\game_web.json@@dev@@d57ea382-6b60-4022-8c3f-58e7dbcf3ba4,err:open C:\Users\22378\GolandProjects\twenty_game\web\store_web\cache\config\game_web.json@@dev@@d57ea382-6b60-4022-8c3f-58e7dbcf3ba4: The system cannot find the path specified.  
2023-07-14T15:13:42.226+0800	[34mINFO[0m	clients/client_factory.go:47	logDir:<C:\Users\22378\GolandProjects\twenty_game\web\store_web\log>   cacheDir:<C:\Users\22378\GolandProjects\twenty_game\web\store_web\cache>
2023-07-14T15:13:52.241+0800	[31mERROR[0m	nacos_server/nacos_server.go:75	login has error Post "http://192.168.159.134:8848/nacos/v1/auth/users/login": context deadline exceeded (Client.Timeout exceeded while awaiting headers)
2023-07-14T15:14:02.248+0800	[31mERROR[0m	nacos_server/nacos_server.go:199	api</v1/cs/configs>,method:<GET>, params:<{"dataId":"game_web.json","group":"dev","tenant":"d57ea382-6b60-4022-8c3f-58e7dbcf3ba4"}>, call domain error:<Get "http://192.168.159.134:8848/nacos/v1/cs/configs?dataId=game_web.json&group=dev&tenant=d57ea382-6b60-4022-8c3f-58e7dbcf3ba4": context deadline exceeded (Client.Timeout exceeded while awaiting headers)> , result:<>
2023-07-14T15:14:07.256+0800	[31mERROR[0m	security/security_proxy.go:84	login has error Post "http://192.168.159.134:8848/nacos/v1/auth/users/login": context deadline exceeded (Client.Timeout exceeded while awaiting headers)
2023-07-14T15:14:12.261+0800	[31mERROR[0m	nacos_server/nacos_server.go:199	api</v1/cs/configs>,method:<GET>, params:<{"dataId":"game_web.json","group":"dev","tenant":"d57ea382-6b60-4022-8c3f-58e7dbcf3ba4"}>, call domain error:<Get "http://192.168.159.134:8848/nacos/v1/cs/configs?dataId=game_web.json&group=dev&tenant=d57ea382-6b60-4022-8c3f-58e7dbcf3ba4": context deadline exceeded (Client.Timeout exceeded while awaiting headers)> , result:<>
2023-07-14T15:14:22.267+0800	[31mERROR[0m	nacos_server/nacos_server.go:199	api</v1/cs/configs>,method:<GET>, params:<{"dataId":"game_web.json","group":"dev","tenant":"d57ea382-6b60-4022-8c3f-58e7dbcf3ba4"}>, call domain error:<Get "http://192.168.159.134:8848/nacos/v1/cs/configs?dataId=game_web.json&group=dev&tenant=d57ea382-6b60-4022-8c3f-58e7dbcf3ba4": context deadline exceeded (Client.Timeout exceeded while awaiting headers)> , result:<>
2023-07-14T15:14:22.267+0800	[31mERROR[0m	config_client/config_client.go:202	get config from server error:Get "http://192.168.159.134:8848/nacos/v1/cs/configs?dataId=game_web.json&group=dev&tenant=d57ea382-6b60-4022-8c3f-58e7dbcf3ba4": context deadline exceeded (Client.Timeout exceeded while awaiting headers) 
2023-07-14T15:14:22.267+0800	[31mERROR[0m	security/security_proxy.go:84	login has error Post "http://192.168.159.134:8848/nacos/v1/auth/users/login": context deadline exceeded (Client.Timeout exceeded while awaiting headers)
2023-07-14T15:14:22.267+0800	[31mERROR[0m	config_client/config_client.go:216	get config from cache  error:failed to read config cache file:C:\Users\22378\GolandProjects\twenty_game\web\store_web\cache\config\game_web.json@@dev@@d57ea382-6b60-4022-8c3f-58e7dbcf3ba4,err:open C:\Users\22378\GolandProjects\twenty_game\web\store_web\cache\config\game_web.json@@dev@@d57ea382-6b60-4022-8c3f-58e7dbcf3ba4: The system cannot find the path specified.  
2023-07-14T15:14:55.959+0800	[34mINFO[0m	clients/client_factory.go:47	logDir:<C:\Users\22378\GolandProjects\twenty_game\web\store_web\log>   cacheDir:<C:\Users\22378\GolandProjects\twenty_game\web\store_web\cache>
2023-07-14T15:16:16.950+0800	[34mINFO[0m	clients/client_factory.go:47	logDir:<C:\Users\22378\GolandProjects\twenty_game\web\store_web\log>   cacheDir:<C:\Users\22378\GolandProjects\twenty_game\web\store_web\cache>
2023-07-14T15:16:57.714+0800	[34mINFO[0m	clients/client_factory.go:47	logDir:<C:\Users\22378\GolandProjects\twenty_game\web\store_web\log>   cacheDir:<C:\Users\22378\GolandProjects\twenty_game\web\store_web\cache>
2023-07-14T15:20:07.531+0800	[34mINFO[0m	clients/client_factory.go:47	logDir:<C:\Users\22378\GolandProjects\twenty_game\web\store_web\log>   cacheDir:<C:\Users\22378\GolandProjects\twenty_game\web\store_web\cache>
2023-08-03T23:02:24.750+0800	[34mINFO[0m	clients/client_factory.go:47	logDir:<C:\Users\22378\GolandProjects\twenty-game\web\store_web\log>   cacheDir:<C:\Users\22378\GolandProjects\twenty-game\web\store_web\cache>
2023-08-03T23:06:16.708+0800	[34mINFO[0m	clients/client_factory.go:47	logDir:<C:\Users\22378\GolandProjects\twenty-game\web\store_web\log>   cacheDir:<C:\Users\22378\GolandProjects\twenty-game\web\store_web\cache>
2023-08-03T23:06:26.731+0800	[31mERROR[0m	nacos_server/nacos_server.go:75	login has error Post "http://139.159.234.134:8848/nacos/v1/auth/users/login": context deadline exceeded (Client.Timeout exceeded while awaiting headers)
2023-08-03T23:06:36.732+0800	[31mERROR[0m	nacos_server/nacos_server.go:199	api</v1/cs/configs>,method:<GET>, params:<{"dataId":"store-web.json","group":"pro","tenant":"b8269140-ced0-4bae-9862-2297682d49c2"}>, call domain error:<Get "http://139.159.234.134:8848/nacos/v1/cs/configs?dataId=store-web.json&group=pro&tenant=b8269140-ced0-4bae-9862-2297682d49c2": context deadline exceeded (Client.Timeout exceeded while awaiting headers)> , result:<>
2023-08-03T23:06:41.733+0800	[31mERROR[0m	security/security_proxy.go:84	login has error Post "http://139.159.234.134:8848/nacos/v1/auth/users/login": context deadline exceeded (Client.Timeout exceeded while awaiting headers)
2023-08-03T23:06:43.762+0800	[31mERROR[0m	nacos_server/nacos_server.go:199	api</v1/cs/configs>,method:<GET>, params:<{"dataId":"store-web.json","group":"pro","tenant":"b8269140-ced0-4bae-9862-2297682d49c2"}>, call domain error:<[403] {"timestamp":"2023-08-03T23:06:42.803+08:00","status":403,"error":"Forbidden","message":"unknown user!","path":"/nacos/v1/cs/configs"}> , result:<{"timestamp":"2023-08-03T23:06:42.803+08:00","status":403,"error":"Forbidden","message":"unknown user!","path":"/nacos/v1/cs/configs"}>
2023-08-03T23:06:43.775+0800	[31mERROR[0m	nacos_server/nacos_server.go:199	api</v1/cs/configs>,method:<GET>, params:<{"dataId":"store-web.json","group":"pro","tenant":"b8269140-ced0-4bae-9862-2297682d49c2"}>, call domain error:<[403] {"timestamp":"2023-08-03T23:06:42.815+08:00","status":403,"error":"Forbidden","message":"unknown user!","path":"/nacos/v1/cs/configs"}> , result:<{"timestamp":"2023-08-03T23:06:42.815+08:00","status":403,"error":"Forbidden","message":"unknown user!","path":"/nacos/v1/cs/configs"}>
2023-08-03T23:06:43.775+0800	[31mERROR[0m	config_client/config_client.go:202	get config from server error:[403] {"timestamp":"2023-08-03T23:06:42.815+08:00","status":403,"error":"Forbidden","message":"unknown user!","path":"/nacos/v1/cs/configs"} 
2023-08-03T23:09:56.540+0800	[34mINFO[0m	clients/client_factory.go:47	logDir:<C:\Users\22378\GolandProjects\twenty-game\web\store_web\log>   cacheDir:<C:\Users\22378\GolandProjects\twenty-game\web\store_web\cache>
2023-08-03T23:10:54.351+0800	[34mINFO[0m	clients/client_factory.go:47	logDir:<C:\Users\22378\GolandProjects\twenty-game\web\store_web\log>   cacheDir:<C:\Users\22378\GolandProjects\twenty-game\web\store_web\cache>
2023-08-03T23:11:45.510+0800	[34mINFO[0m	clients/client_factory.go:47	logDir:<C:\Users\22378\GolandProjects\twenty-game\web\store_web\log>   cacheDir:<C:\Users\22378\GolandProjects\twenty-game\web\store_web\cache>
2023-08-03T23:12:28.408+0800	[34mINFO[0m	clients/client_factory.go:47	logDir:<C:\Users\22378\GolandProjects\twenty-game\web\store_web\log>   cacheDir:<C:\Users\22378\GolandProjects\twenty-game\web\store_web\cache>
2023-08-03T23:16:33.197+0800	[34mINFO[0m	clients/client_factory.go:47	logDir:<C:\Users\22378\GolandProjects\twenty-game\web\store_web\log>   cacheDir:<C:\Users\22378\GolandProjects\twenty-game\web\store_web\cache>
2023-08-03T23:21:28.791+0800	[34mINFO[0m	clients/client_factory.go:47	logDir:<C:\Users\22378\GolandProjects\twenty-game\web\store_web\log>   cacheDir:<C:\Users\22378\GolandProjects\twenty-game\web\store_web\cache>
2023-08-03T23:46:48.881+0800	[34mINFO[0m	clients/client_factory.go:47	logDir:<C:\Users\22378\GolandProjects\twenty-game\web\store_web\log>   cacheDir:<C:\Users\22378\GolandProjects\twenty-game\web\store_web\cache>
2023-08-03T23:46:49.054+0800	[31mERROR[0m	nacos_server/nacos_server.go:199	api</v1/cs/configs>,method:<GET>, params:<{"accessToken":"eyJhbGciOiJIUzI1NiJ9.eyJzdWIiOiJuYWNvcyIsImV4cCI6MTY5MTA5NTYwOH0.wQ-VYh-tP0RpCDCO8MFWnuSe2kiBUSJm6lTtnMs2k3I","dataId":"store-web.json","group":"dev","tenant":"3920b1ba-9eab-4e3f-85c3-513c887b221e2"}>, call domain error:<[404] config data not exist
> , result:<config data not exist
>
2023-08-03T23:46:49.066+0800	[31mERROR[0m	nacos_server/nacos_server.go:199	api</v1/cs/configs>,method:<GET>, params:<{"accessToken":"eyJhbGciOiJIUzI1NiJ9.eyJzdWIiOiJuYWNvcyIsImV4cCI6MTY5MTA5NTYwOH0.wQ-VYh-tP0RpCDCO8MFWnuSe2kiBUSJm6lTtnMs2k3I","dataId":"store-web.json","group":"dev","tenant":"3920b1ba-9eab-4e3f-85c3-513c887b221e2"}>, call domain error:<[404] config data not exist
> , result:<config data not exist
>
2023-08-03T23:46:49.078+0800	[31mERROR[0m	nacos_server/nacos_server.go:199	api</v1/cs/configs>,method:<GET>, params:<{"accessToken":"eyJhbGciOiJIUzI1NiJ9.eyJzdWIiOiJuYWNvcyIsImV4cCI6MTY5MTA5NTYwOH0.wQ-VYh-tP0RpCDCO8MFWnuSe2kiBUSJm6lTtnMs2k3I","dataId":"store-web.json","group":"dev","tenant":"3920b1ba-9eab-4e3f-85c3-513c887b221e2"}>, call domain error:<[404] config data not exist
> , result:<config data not exist
>
2023-08-03T23:46:49.078+0800	[31mERROR[0m	config_client/config_client.go:202	get config from server error:[404] config data not exist
 
2023-08-03T23:46:49.080+0800	[33mWARN[0m	config_client/config_client.go:207	[client.GetConfig] config not found, dataId: store-web.json, group: dev, namespaceId: 3920b1ba-9eab-4e3f-85c3-513c887b221e2.
2023-08-03T23:48:46.485+0800	[34mINFO[0m	clients/client_factory.go:47	logDir:<C:\Users\22378\GolandProjects\twenty-game\web\store_web\log>   cacheDir:<C:\Users\22378\GolandProjects\twenty-game\web\store_web\cache>
2023-08-03T23:55:38.689+0800	[34mINFO[0m	clients/client_factory.go:47	logDir:<C:\Users\22378\GolandProjects\twenty-game\web\store_web\log>   cacheDir:<C:\Users\22378\GolandProjects\twenty-game\web\store_web\cache>
2023-08-03T23:55:59.114+0800	[34mINFO[0m	clients/client_factory.go:47	logDir:<C:\Users\22378\GolandProjects\twenty-game\web\store_web\log>   cacheDir:<C:\Users\22378\GolandProjects\twenty-game\web\store_web\cache>
2023-08-04T00:03:52.240+0800	[34mINFO[0m	clients/client_factory.go:47	logDir:<C:\Users\22378\GolandProjects\twenty-game\web\store_web\log>   cacheDir:<C:\Users\22378\GolandProjects\twenty-game\web\store_web\cache>
2023-08-04T00:21:23.213+0800	[34mINFO[0m	clients/client_factory.go:47	logDir:<C:\Users\22378\GolandProjects\twenty-game\web\store_web\log>   cacheDir:<C:\Users\22378\GolandProjects\twenty-game\web\store_web\cache>
2023-08-04T00:21:41.978+0800	[34mINFO[0m	clients/client_factory.go:47	logDir:<C:\Users\22378\GolandProjects\twenty-game\web\store_web\log>   cacheDir:<C:\Users\22378\GolandProjects\twenty-game\web\store_web\cache>
2023-08-04T00:27:58.069+0800	[34mINFO[0m	clients/client_factory.go:47	logDir:<C:\Users\22378\GolandProjects\twenty-game\web\store_web\log>   cacheDir:<C:\Users\22378\GolandProjects\twenty-game\web\store_web\cache>
2023-08-04T00:41:17.011+0800	[34mINFO[0m	clients/client_factory.go:47	logDir:<C:\Users\22378\GolandProjects\twenty-game\web\store_web\log>   cacheDir:<C:\Users\22378\GolandProjects\twenty-game\web\store_web\cache>
2023-08-04T00:43:59.033+0800	[34mINFO[0m	clients/client_factory.go:47	logDir:<C:\Users\22378\GolandProjects\twenty-game\web\store_web\log>   cacheDir:<C:\Users\22378\GolandProjects\twenty-game\web\store_web\cache>
2023-08-04T00:49:20.971+0800	[34mINFO[0m	clients/client_factory.go:47	logDir:<C:\Users\22378\GolandProjects\twenty-game\web\store_web\log>   cacheDir:<C:\Users\22378\GolandProjects\twenty-game\web\store_web\cache>
2023-08-04T00:50:17.300+0800	[34mINFO[0m	clients/client_factory.go:47	logDir:<C:\Users\22378\GolandProjects\twenty-game\web\store_web\log>   cacheDir:<C:\Users\22378\GolandProjects\twenty-game\web\store_web\cache>
2023-08-04T00:52:54.044+0800	[34mINFO[0m	clients/client_factory.go:47	logDir:<C:\Users\22378\GolandProjects\twenty-game\web\store_web\log>   cacheDir:<C:\Users\22378\GolandProjects\twenty-game\web\store_web\cache>
2023-08-04T01:04:47.673+0800	[34mINFO[0m	clients/client_factory.go:47	logDir:<C:\Users\22378\GolandProjects\twenty-game\web\store_web\log>   cacheDir:<C:\Users\22378\GolandProjects\twenty-game\web\store_web\cache>
2023-08-04T01:08:49.228+0800	[34mINFO[0m	clients/client_factory.go:47	logDir:<C:\Users\22378\GolandProjects\twenty-game\web\store_web\log>   cacheDir:<C:\Users\22378\GolandProjects\twenty-game\web\store_web\cache>
2023-08-04T01:09:48.409+0800	[34mINFO[0m	clients/client_factory.go:47	logDir:<C:\Users\22378\GolandProjects\twenty-game\web\store_web\log>   cacheDir:<C:\Users\22378\GolandProjects\twenty-game\web\store_web\cache>
2023-08-04T01:14:21.036+0800	[34mINFO[0m	clients/client_factory.go:47	logDir:<C:\Users\22378\GolandProjects\twenty-game\web\store_web\log>   cacheDir:<C:\Users\22378\GolandProjects\twenty-game\web\store_web\cache>
2023-08-04T01:22:37.659+0800	[34mINFO[0m	clients/client_factory.go:47	logDir:<C:\Users\22378\GolandProjects\twenty-game\web\store_web\log>   cacheDir:<C:\Users\22378\GolandProjects\twenty-game\web\store_web\cache>
2023-08-04T01:35:54.124+0800	[34mINFO[0m	clients/client_factory.go:47	logDir:<C:\Users\22378\GolandProjects\twenty-game\web\store_web\log>   cacheDir:<C:\Users\22378\GolandProjects\twenty-game\web\store_web\cache>
2023-08-04T01:37:47.798+0800	[34mINFO[0m	clients/client_factory.go:47	logDir:<C:\Users\22378\GolandProjects\twenty-game\web\store_web\log>   cacheDir:<C:\Users\22378\GolandProjects\twenty-game\web\store_web\cache>
2023-08-04T01:45:07.626+0800	[34mINFO[0m	clients/client_factory.go:47	logDir:<C:\Users\22378\GolandProjects\twenty-game\web\store_web\log>   cacheDir:<C:\Users\22378\GolandProjects\twenty-game\web\store_web\cache>
2023-08-04T01:46:28.054+0800	[34mINFO[0m	clients/client_factory.go:47	logDir:<C:\Users\22378\GolandProjects\twenty-game\web\store_web\log>   cacheDir:<C:\Users\22378\GolandProjects\twenty-game\web\store_web\cache>
2023-08-04T01:47:25.932+0800	[34mINFO[0m	clients/client_factory.go:47	logDir:<C:\Users\22378\GolandProjects\twenty-game\web\store_web\log>   cacheDir:<C:\Users\22378\GolandProjects\twenty-game\web\store_web\cache>
2023-08-04T11:15:57.647+0800	[34mINFO[0m	clients/client_factory.go:47	logDir:<C:\Users\22378\GolandProjects\twenty-game\web\store_web\log>   cacheDir:<C:\Users\22378\GolandProjects\twenty-game\web\store_web\cache>
2023-08-04T11:17:07.376+0800	[34mINFO[0m	clients/client_factory.go:47	logDir:<C:\Users\22378\GolandProjects\twenty-game\web\store_web\log>   cacheDir:<C:\Users\22378\GolandProjects\twenty-game\web\store_web\cache>
2023-08-04T11:17:29.890+0800	[34mINFO[0m	clients/client_factory.go:47	logDir:<C:\Users\22378\GolandProjects\twenty-game\web\store_web\log>   cacheDir:<C:\Users\22378\GolandProjects\twenty-game\web\store_web\cache>
2023-08-04T11:19:45.630+0800	[34mINFO[0m	clients/client_factory.go:47	logDir:<C:\Users\22378\GolandProjects\twenty-game\web\store_web\log>   cacheDir:<C:\Users\22378\GolandProjects\twenty-game\web\store_web\cache>
2023-08-04T12:19:51.178+0800	[34mINFO[0m	clients/client_factory.go:47	logDir:<C:\Users\22378\GolandProjects\twenty-game\web\store_web\log>   cacheDir:<C:\Users\22378\GolandProjects\twenty-game\web\store_web\cache>
2023-08-04T12:22:41.287+0800	[34mINFO[0m	clients/client_factory.go:47	logDir:<C:\Users\22378\GolandProjects\twenty-game\web\store_web\log>   cacheDir:<C:\Users\22378\GolandProjects\twenty-game\web\store_web\cache>
2023-08-04T12:26:50.048+0800	[34mINFO[0m	clients/client_factory.go:47	logDir:<C:\Users\22378\GolandProjects\twenty-game\web\store_web\log>   cacheDir:<C:\Users\22378\GolandProjects\twenty-game\web\store_web\cache>
2023-08-04T12:31:20.663+0800	[34mINFO[0m	clients/client_factory.go:47	logDir:<C:\Users\22378\GolandProjects\twenty-game\web\store_web\log>   cacheDir:<C:\Users\22378\GolandProjects\twenty-game\web\store_web\cache>
2023-08-04T12:31:32.052+0800	[34mINFO[0m	clients/client_factory.go:47	logDir:<C:\Users\22378\GolandProjects\twenty-game\web\store_web\log>   cacheDir:<C:\Users\22378\GolandProjects\twenty-game\web\store_web\cache>
2023-08-04T12:32:51.173+0800	[34mINFO[0m	clients/client_factory.go:47	logDir:<C:\Users\22378\GolandProjects\twenty-game\web\store_web\log>   cacheDir:<C:\Users\22378\GolandProjects\twenty-game\web\store_web\cache>
2023-08-06T00:55:58.579+0800	[34mINFO[0m	clients/client_factory.go:47	logDir:<C:\Users\22378\GolandProjects\twenty-game\cmd\store_web\log>   cacheDir:<C:\Users\22378\GolandProjects\twenty-game\cmd\store_web\cache>
2023-08-07T13:18:30.000+0800	[34mINFO[0m	clients/client_factory.go:47	logDir:</root/twenty_game/cmd/Game-store_web/log>   cacheDir:</root/twenty_game/cmd/Game-store_web/cache>
2023-08-07T13:19:25.035+0800	[34mINFO[0m	clients/client_factory.go:47	logDir:</root/twenty_game/cmd/Game-store_web/log>   cacheDir:</root/twenty_game/cmd/Game-store_web/cache>
2023-08-07T13:20:45.625+0800	[34mINFO[0m	clients/client_factory.go:47	logDir:</root/twenty_game/cmd/Game-store_web/log>   cacheDir:</root/twenty_game/cmd/Game-store_web/cache>
2023-08-07T13:26:22.387+0800	[34mINFO[0m	clients/client_factory.go:47	logDir:</root/twenty_game/cmd/Game-store_web/log>   cacheDir:</root/twenty_game/cmd/Game-store_web/cache>
2023-08-07T13:33:49.733+0800	[34mINFO[0m	clients/client_factory.go:47	logDir:</root/twenty_game/cmd/Game-store_web/log>   cacheDir:</root/twenty_game/cmd/Game-store_web/cache>
2023-08-07T15:35:52.492+0800	[34mINFO[0m	clients/client_factory.go:47	logDir:</root/twenty_game/cmd/Game-store_web/log>   cacheDir:</root/twenty_game/cmd/Game-store_web/cache>
2023-08-07T22:22:59.852+0800	[34mINFO[0m	clients/client_factory.go:47	logDir:</root/twenty_game/cmd/Game-store_web/log>   cacheDir:</root/twenty_game/cmd/Game-store_web/cache>
2023-08-07T22:26:50.037+0800	[34mINFO[0m	clients/client_factory.go:47	logDir:</root/twenty_game/cmd/Game-store_web/log>   cacheDir:</root/twenty_game/cmd/Game-store_web/cache>
2023-08-08T00:37:20.658+0800	[34mINFO[0m	clients/client_factory.go:47	logDir:</root/twenty_game/cmd/Game-store_web/log>   cacheDir:</root/twenty_game/cmd/Game-store_web/cache>
2023-08-08T11:51:12.181+0800	[34mINFO[0m	clients/client_factory.go:47	logDir:</root/twenty_game/cmd/Game-store_web/log>   cacheDir:</root/twenty_game/cmd/Game-store_web/cache>
2023-08-08T11:55:33.193+0800	[34mINFO[0m	clients/client_factory.go:47	logDir:</root/twenty_game/cmd/Game-store_web/log>   cacheDir:</root/twenty_game/cmd/Game-store_web/cache>
2023-08-08T12:10:16.016+0800	[34mINFO[0m	clients/client_factory.go:47	logDir:</root/twenty_game/cmd/Game-store_web/log>   cacheDir:</root/twenty_game/cmd/Game-store_web/cache>
2023-08-08T12:22:31.543+0800	[34mINFO[0m	clients/client_factory.go:47	logDir:</root/twenty_game/cmd/Game-store_web/log>   cacheDir:</root/twenty_game/cmd/Game-store_web/cache>
2023-08-11T22:40:32.613+0800	[34mINFO[0m	clients/client_factory.go:47	logDir:<C:\Users\22378\GolandProjects\twenty-game\cmd\Game-store_web\log>   cacheDir:<C:\Users\22378\GolandProjects\twenty-game\cmd\Game-store_web\cache>
2023-08-11T22:42:34.579+0800	[34mINFO[0m	clients/client_factory.go:47	logDir:<C:\Users\22378\GolandProjects\twenty-game\cmd\Game-store_web\log>   cacheDir:<C:\Users\22378\GolandProjects\twenty-game\cmd\Game-store_web\cache>
2023-08-11T22:43:25.162+0800	[34mINFO[0m	clients/client_factory.go:47	logDir:<C:\Users\22378\GolandProjects\twenty-game\cmd\Game-store_web\log>   cacheDir:<C:\Users\22378\GolandProjects\twenty-game\cmd\Game-store_web\cache>
2023-08-11T23:32:47.683+0800	[34mINFO[0m	clients/client_factory.go:47	logDir:<C:\Users\22378\GolandProjects\twenty-game\cmd\Game-store_web\log>   cacheDir:<C:\Users\22378\GolandProjects\twenty-game\cmd\Game-store_web\cache>
2023-08-11T23:33:21.006+0800	[34mINFO[0m	clients/client_factory.go:47	logDir:<C:\Users\22378\GolandProjects\twenty-game\cmd\Game-store_web\log>   cacheDir:<C:\Users\22378\GolandProjects\twenty-game\cmd\Game-store_web\cache>
2023-08-11T23:34:32.388+0800	[34mINFO[0m	clients/client_factory.go:47	logDir:<C:\Users\22378\GolandProjects\twenty-game\cmd\Game-store_web\log>   cacheDir:<C:\Users\22378\GolandProjects\twenty-game\cmd\Game-store_web\cache>
2023-08-11T23:35:22.499+0800	[34mINFO[0m	clients/client_factory.go:47	logDir:<C:\Users\22378\GolandProjects\twenty-game\cmd\Game-store_web\log>   cacheDir:<C:\Users\22378\GolandProjects\twenty-game\cmd\Game-store_web\cache>
2023-08-11T23:36:26.581+0800	[34mINFO[0m	clients/client_factory.go:47	logDir:<C:\Users\22378\GolandProjects\twenty-game\cmd\Game-store_web\log>   cacheDir:<C:\Users\22378\GolandProjects\twenty-game\cmd\Game-store_web\cache>
