2023-04-16T10:55:20.248+0800	[34mINFO[0m	clients/client_factory.go:47	logDir:<C:\Users\22378\GolandProjects\twenty_game\web\game_web\log>   cacheDir:<C:\Users\22378\GolandProjects\twenty_game\web\game_web\cache>
2023-04-16T16:34:42.560+0800	[34mINFO[0m	clients/client_factory.go:47	logDir:<C:\Users\22378\GolandProjects\twenty_game\web\game_web\log>   cacheDir:<C:\Users\22378\GolandProjects\twenty_game\web\game_web\cache>
2023-04-16T16:39:41.577+0800	[34mINFO[0m	clients/client_factory.go:47	logDir:<C:\Users\22378\GolandProjects\twenty_game\web\game_web\log>   cacheDir:<C:\Users\22378\GolandProjects\twenty_game\web\game_web\cache>
2023-04-16T16:57:28.398+0800	[34mINFO[0m	clients/client_factory.go:47	logDir:<C:\Users\22378\GolandProjects\twenty_game\web\game_web\log>   cacheDir:<C:\Users\22378\GolandProjects\twenty_game\web\game_web\cache>
2023-04-16T17:00:11.964+0800	[34mINFO[0m	clients/client_factory.go:47	logDir:<C:\Users\22378\GolandProjects\twenty_game\web\game_web\log>   cacheDir:<C:\Users\22378\GolandProjects\twenty_game\web\game_web\cache>
2023-04-16T18:33:24.089+0800	[34mINFO[0m	clients/client_factory.go:47	logDir:<C:\Users\22378\GolandProjects\twenty_game\web\game_web\log>   cacheDir:<C:\Users\22378\GolandProjects\twenty_game\web\game_web\cache>
2023-04-16T19:18:48.882+0800	[34mINFO[0m	clients/client_factory.go:47	logDir:<C:\Users\22378\GolandProjects\twenty_game\web\game_web\log>   cacheDir:<C:\Users\22378\GolandProjects\twenty_game\web\game_web\cache>
2023-04-16T19:19:20.699+0800	[34mINFO[0m	clients/client_factory.go:47	logDir:<C:\Users\22378\GolandProjects\twenty_game\web\game_web\log>   cacheDir:<C:\Users\22378\GolandProjects\twenty_game\web\game_web\cache>
2023-04-16T19:22:59.609+0800	[34mINFO[0m	clients/client_factory.go:47	logDir:<C:\Users\22378\GolandProjects\twenty_game\web\game_web\log>   cacheDir:<C:\Users\22378\GolandProjects\twenty_game\web\game_web\cache>
2023-04-16T19:29:52.732+0800	[34mINFO[0m	clients/client_factory.go:47	logDir:<C:\Users\22378\GolandProjects\twenty_game\web\game_web\log>   cacheDir:<C:\Users\22378\GolandProjects\twenty_game\web\game_web\cache>
2023-04-18T13:05:59.082+0800	[34mINFO[0m	clients/client_factory.go:47	logDir:<C:\Users\22378\GolandProjects\twenty_game\web\game_web\log>   cacheDir:<C:\Users\22378\GolandProjects\twenty_game\web\game_web\cache>
2023-04-18T15:08:45.711+0800	[34mINFO[0m	clients/client_factory.go:47	logDir:<C:\Users\22378\GolandProjects\twenty_game\web\game_web\log>   cacheDir:<C:\Users\22378\GolandProjects\twenty_game\web\game_web\cache>
2023-04-18T15:21:19.379+0800	[34mINFO[0m	clients/client_factory.go:47	logDir:<C:\Users\22378\GolandProjects\twenty_game\web\game_web\log>   cacheDir:<C:\Users\22378\GolandProjects\twenty_game\web\game_web\cache>
2023-04-18T15:23:10.242+0800	[34mINFO[0m	clients/client_factory.go:47	logDir:<C:\Users\22378\GolandProjects\twenty_game\web\game_web\log>   cacheDir:<C:\Users\22378\GolandProjects\twenty_game\web\game_web\cache>
2023-04-18T15:23:33.413+0800	[34mINFO[0m	clients/client_factory.go:47	logDir:<C:\Users\22378\GolandProjects\twenty_game\web\game_web\log>   cacheDir:<C:\Users\22378\GolandProjects\twenty_game\web\game_web\cache>
2023-04-18T15:24:17.133+0800	[34mINFO[0m	clients/client_factory.go:47	logDir:<C:\Users\22378\GolandProjects\twenty_game\web\game_web\log>   cacheDir:<C:\Users\22378\GolandProjects\twenty_game\web\game_web\cache>
2023-04-18T15:24:47.476+0800	[34mINFO[0m	clients/client_factory.go:47	logDir:<C:\Users\22378\GolandProjects\twenty_game\web\game_web\log>   cacheDir:<C:\Users\22378\GolandProjects\twenty_game\web\game_web\cache>
2023-04-18T15:28:42.446+0800	[34mINFO[0m	clients/client_factory.go:47	logDir:<C:\Users\22378\GolandProjects\twenty_game\web\game_web\log>   cacheDir:<C:\Users\22378\GolandProjects\twenty_game\web\game_web\cache>
2023-04-18T15:32:13.421+0800	[34mINFO[0m	clients/client_factory.go:47	logDir:<C:\Users\22378\GolandProjects\twenty_game\web\game_web\log>   cacheDir:<C:\Users\22378\GolandProjects\twenty_game\web\game_web\cache>
2023-04-18T15:35:51.922+0800	[34mINFO[0m	clients/client_factory.go:47	logDir:<C:\Users\22378\GolandProjects\twenty_game\web\game_web\log>   cacheDir:<C:\Users\22378\GolandProjects\twenty_game\web\game_web\cache>
2023-04-18T15:37:53.828+0800	[34mINFO[0m	clients/client_factory.go:47	logDir:<C:\Users\22378\GolandProjects\twenty_game\web\game_web\log>   cacheDir:<C:\Users\22378\GolandProjects\twenty_game\web\game_web\cache>
2023-04-18T15:39:10.309+0800	[34mINFO[0m	clients/client_factory.go:47	logDir:<C:\Users\22378\GolandProjects\twenty_game\web\game_web\log>   cacheDir:<C:\Users\22378\GolandProjects\twenty_game\web\game_web\cache>
2023-04-18T15:40:41.075+0800	[34mINFO[0m	clients/client_factory.go:47	logDir:<C:\Users\22378\GolandProjects\twenty_game\web\game_web\log>   cacheDir:<C:\Users\22378\GolandProjects\twenty_game\web\game_web\cache>
2023-04-18T15:46:17.794+0800	[34mINFO[0m	clients/client_factory.go:47	logDir:<C:\Users\22378\GolandProjects\twenty_game\web\game_web\log>   cacheDir:<C:\Users\22378\GolandProjects\twenty_game\web\game_web\cache>
2023-04-18T23:42:22.264+0800	[34mINFO[0m	clients/client_factory.go:47	logDir:<C:\Users\22378\GolandProjects\twenty_game\web\game_web\log>   cacheDir:<C:\Users\22378\GolandProjects\twenty_game\web\game_web\cache>
2023-04-18T23:47:03.089+0800	[34mINFO[0m	clients/client_factory.go:47	logDir:<C:\Users\22378\GolandProjects\twenty_game\web\game_web\log>   cacheDir:<C:\Users\22378\GolandProjects\twenty_game\web\game_web\cache>
2023-04-18T23:47:34.842+0800	[34mINFO[0m	clients/client_factory.go:47	logDir:<C:\Users\22378\GolandProjects\twenty_game\web\game_web\log>   cacheDir:<C:\Users\22378\GolandProjects\twenty_game\web\game_web\cache>
2023-04-18T23:51:21.432+0800	[34mINFO[0m	clients/client_factory.go:47	logDir:<C:\Users\22378\GolandProjects\twenty_game\web\game_web\log>   cacheDir:<C:\Users\22378\GolandProjects\twenty_game\web\game_web\cache>
2023-04-18T23:53:56.676+0800	[34mINFO[0m	clients/client_factory.go:47	logDir:<C:\Users\22378\GolandProjects\twenty_game\web\game_web\log>   cacheDir:<C:\Users\22378\GolandProjects\twenty_game\web\game_web\cache>
2023-04-18T23:54:40.409+0800	[34mINFO[0m	clients/client_factory.go:47	logDir:<C:\Users\22378\GolandProjects\twenty_game\web\game_web\log>   cacheDir:<C:\Users\22378\GolandProjects\twenty_game\web\game_web\cache>
2023-04-18T23:54:57.590+0800	[34mINFO[0m	clients/client_factory.go:47	logDir:<C:\Users\22378\GolandProjects\twenty_game\web\game_web\log>   cacheDir:<C:\Users\22378\GolandProjects\twenty_game\web\game_web\cache>
2023-04-19T00:18:36.115+0800	[34mINFO[0m	clients/client_factory.go:47	logDir:<C:\Users\22378\GolandProjects\twenty_game\web\game_web\log>   cacheDir:<C:\Users\22378\GolandProjects\twenty_game\web\game_web\cache>
2023-04-19T00:20:05.088+0800	[34mINFO[0m	clients/client_factory.go:47	logDir:<C:\Users\22378\GolandProjects\twenty_game\web\game_web\log>   cacheDir:<C:\Users\22378\GolandProjects\twenty_game\web\game_web\cache>
2023-04-19T00:26:37.888+0800	[34mINFO[0m	clients/client_factory.go:47	logDir:<C:\Users\22378\GolandProjects\twenty_game\web\game_web\log>   cacheDir:<C:\Users\22378\GolandProjects\twenty_game\web\game_web\cache>
2023-04-19T10:04:26.346+0800	[34mINFO[0m	clients/client_factory.go:47	logDir:<C:\Users\22378\GolandProjects\twenty_game\web\game_web\log>   cacheDir:<C:\Users\22378\GolandProjects\twenty_game\web\game_web\cache>
2023-04-19T10:04:42.927+0800	[34mINFO[0m	clients/client_factory.go:47	logDir:<C:\Users\22378\GolandProjects\twenty_game\web\game_web\log>   cacheDir:<C:\Users\22378\GolandProjects\twenty_game\web\game_web\cache>
2023-04-19T10:08:36.631+0800	[34mINFO[0m	clients/client_factory.go:47	logDir:<C:\Users\22378\GolandProjects\twenty_game\web\game_web\log>   cacheDir:<C:\Users\22378\GolandProjects\twenty_game\web\game_web\cache>
2023-04-19T10:15:55.141+0800	[34mINFO[0m	clients/client_factory.go:47	logDir:<C:\Users\22378\GolandProjects\twenty_game\web\game_web\log>   cacheDir:<C:\Users\22378\GolandProjects\twenty_game\web\game_web\cache>
2023-04-19T10:17:59.845+0800	[34mINFO[0m	clients/client_factory.go:47	logDir:<C:\Users\22378\GolandProjects\twenty_game\web\game_web\log>   cacheDir:<C:\Users\22378\GolandProjects\twenty_game\web\game_web\cache>
2023-04-19T10:21:35.306+0800	[34mINFO[0m	clients/client_factory.go:47	logDir:<C:\Users\22378\GolandProjects\twenty_game\web\game_web\log>   cacheDir:<C:\Users\22378\GolandProjects\twenty_game\web\game_web\cache>
2023-04-19T10:28:55.620+0800	[34mINFO[0m	clients/client_factory.go:47	logDir:<C:\Users\22378\GolandProjects\twenty_game\web\game_web\log>   cacheDir:<C:\Users\22378\GolandProjects\twenty_game\web\game_web\cache>
2023-04-19T10:33:20.964+0800	[34mINFO[0m	clients/client_factory.go:47	logDir:<C:\Users\22378\GolandProjects\twenty_game\web\game_web\log>   cacheDir:<C:\Users\22378\GolandProjects\twenty_game\web\game_web\cache>
2023-04-19T10:36:30.915+0800	[34mINFO[0m	clients/client_factory.go:47	logDir:<C:\Users\22378\GolandProjects\twenty_game\web\game_web\log>   cacheDir:<C:\Users\22378\GolandProjects\twenty_game\web\game_web\cache>
2023-04-19T10:40:01.706+0800	[34mINFO[0m	clients/client_factory.go:47	logDir:<C:\Users\22378\GolandProjects\twenty_game\web\game_web\log>   cacheDir:<C:\Users\22378\GolandProjects\twenty_game\web\game_web\cache>
2023-04-19T10:49:11.178+0800	[34mINFO[0m	clients/client_factory.go:47	logDir:<C:\Users\22378\GolandProjects\twenty_game\web\game_web\log>   cacheDir:<C:\Users\22378\GolandProjects\twenty_game\web\game_web\cache>
2023-04-19T10:57:09.515+0800	[34mINFO[0m	clients/client_factory.go:47	logDir:<C:\Users\22378\GolandProjects\twenty_game\web\game_web\log>   cacheDir:<C:\Users\22378\GolandProjects\twenty_game\web\game_web\cache>
2023-04-19T11:31:36.299+0800	[34mINFO[0m	clients/client_factory.go:47	logDir:<C:\Users\22378\GolandProjects\twenty_game\web\game_web\log>   cacheDir:<C:\Users\22378\GolandProjects\twenty_game\web\game_web\cache>
2023-04-19T11:34:31.803+0800	[34mINFO[0m	clients/client_factory.go:47	logDir:<C:\Users\22378\GolandProjects\twenty_game\web\game_web\log>   cacheDir:<C:\Users\22378\GolandProjects\twenty_game\web\game_web\cache>
2023-04-19T11:37:43.455+0800	[34mINFO[0m	clients/client_factory.go:47	logDir:<C:\Users\22378\GolandProjects\twenty_game\web\game_web\log>   cacheDir:<C:\Users\22378\GolandProjects\twenty_game\web\game_web\cache>
2023-04-19T11:40:14.843+0800	[34mINFO[0m	clients/client_factory.go:47	logDir:<C:\Users\22378\GolandProjects\twenty_game\web\game_web\log>   cacheDir:<C:\Users\22378\GolandProjects\twenty_game\web\game_web\cache>
2023-04-19T11:44:08.648+0800	[34mINFO[0m	clients/client_factory.go:47	logDir:<C:\Users\22378\GolandProjects\twenty_game\web\game_web\log>   cacheDir:<C:\Users\22378\GolandProjects\twenty_game\web\game_web\cache>
2023-04-19T11:47:49.225+0800	[34mINFO[0m	clients/client_factory.go:47	logDir:<C:\Users\22378\GolandProjects\twenty_game\web\game_web\log>   cacheDir:<C:\Users\22378\GolandProjects\twenty_game\web\game_web\cache>
2023-04-19T11:52:46.104+0800	[34mINFO[0m	clients/client_factory.go:47	logDir:<C:\Users\22378\GolandProjects\twenty_game\web\game_web\log>   cacheDir:<C:\Users\22378\GolandProjects\twenty_game\web\game_web\cache>
2023-04-19T11:57:51.421+0800	[34mINFO[0m	clients/client_factory.go:47	logDir:<C:\Users\22378\GolandProjects\twenty_game\web\game_web\log>   cacheDir:<C:\Users\22378\GolandProjects\twenty_game\web\game_web\cache>
2023-04-19T12:01:20.701+0800	[34mINFO[0m	clients/client_factory.go:47	logDir:<C:\Users\22378\GolandProjects\twenty_game\web\game_web\log>   cacheDir:<C:\Users\22378\GolandProjects\twenty_game\web\game_web\cache>
2023-04-19T15:14:17.401+0800	[34mINFO[0m	clients/client_factory.go:47	logDir:<C:\Users\22378\GolandProjects\twenty_game\web\game_web\log>   cacheDir:<C:\Users\22378\GolandProjects\twenty_game\web\game_web\cache>
2023-04-19T15:33:59.277+0800	[34mINFO[0m	clients/client_factory.go:47	logDir:<C:\Users\22378\GolandProjects\twenty_game\web\game_web\log>   cacheDir:<C:\Users\22378\GolandProjects\twenty_game\web\game_web\cache>
2023-04-19T15:42:58.723+0800	[34mINFO[0m	clients/client_factory.go:47	logDir:<C:\Users\22378\GolandProjects\twenty_game\web\game_web\log>   cacheDir:<C:\Users\22378\GolandProjects\twenty_game\web\game_web\cache>
2023-04-19T16:17:35.281+0800	[34mINFO[0m	clients/client_factory.go:47	logDir:<C:\Users\22378\GolandProjects\twenty_game\web\game_web\log>   cacheDir:<C:\Users\22378\GolandProjects\twenty_game\web\game_web\cache>
2023-04-19T19:05:09.920+0800	[34mINFO[0m	clients/client_factory.go:47	logDir:<C:\Users\22378\GolandProjects\twenty_game\web\game_web\log>   cacheDir:<C:\Users\22378\GolandProjects\twenty_game\web\game_web\cache>
2023-04-19T19:05:19.944+0800	[31mERROR[0m	nacos_server/nacos_server.go:199	api</v1/cs/configs>,method:<GET>, params:<{"dataId":"game_web.json","group":"dev","tenant":"d57ea382-6b60-4022-8c3f-58e7dbcf3ba4"}>, call domain error:<Get "http://192.168.159.134:8848/nacos/v1/cs/configs?tenant=d57ea382-6b60-4022-8c3f-58e7dbcf3ba4&dataId=game_web.json&group=dev": context deadline exceeded (Client.Timeout exceeded while awaiting headers)> , result:<>
2023-04-19T19:05:29.946+0800	[31mERROR[0m	nacos_server/nacos_server.go:199	api</v1/cs/configs>,method:<GET>, params:<{"dataId":"game_web.json","group":"dev","tenant":"d57ea382-6b60-4022-8c3f-58e7dbcf3ba4"}>, call domain error:<Get "http://192.168.159.134:8848/nacos/v1/cs/configs?tenant=d57ea382-6b60-4022-8c3f-58e7dbcf3ba4&dataId=game_web.json&group=dev": context deadline exceeded (Client.Timeout exceeded while awaiting headers)> , result:<>
2023-04-19T19:05:39.961+0800	[31mERROR[0m	nacos_server/nacos_server.go:199	api</v1/cs/configs>,method:<GET>, params:<{"dataId":"game_web.json","group":"dev","tenant":"d57ea382-6b60-4022-8c3f-58e7dbcf3ba4"}>, call domain error:<Get "http://192.168.159.134:8848/nacos/v1/cs/configs?dataId=game_web.json&group=dev&tenant=d57ea382-6b60-4022-8c3f-58e7dbcf3ba4": context deadline exceeded (Client.Timeout exceeded while awaiting headers)> , result:<>
2023-04-19T19:05:39.961+0800	[31mERROR[0m	config_client/config_client.go:202	get config from server error:Get "http://192.168.159.134:8848/nacos/v1/cs/configs?dataId=game_web.json&group=dev&tenant=d57ea382-6b60-4022-8c3f-58e7dbcf3ba4": context deadline exceeded (Client.Timeout exceeded while awaiting headers) 
2023-04-19T20:18:37.343+0800	[34mINFO[0m	clients/client_factory.go:47	logDir:<C:\Users\22378\GolandProjects\twenty_game\web\game_web\log>   cacheDir:<C:\Users\22378\GolandProjects\twenty_game\web\game_web\cache>
2023-04-19T20:19:51.221+0800	[34mINFO[0m	clients/client_factory.go:47	logDir:<C:\Users\22378\GolandProjects\twenty_game\web\game_web\log>   cacheDir:<C:\Users\22378\GolandProjects\twenty_game\web\game_web\cache>
2023-04-19T20:20:01.243+0800	[31mERROR[0m	nacos_server/nacos_server.go:199	api</v1/cs/configs>,method:<GET>, params:<{"dataId":"game_web.json","group":"dev","tenant":"d57ea382-6b60-4022-8c3f-58e7dbcf3ba4"}>, call domain error:<Get "http://192.168.159.134:8848/nacos/v1/cs/configs?dataId=game_web.json&group=dev&tenant=d57ea382-6b60-4022-8c3f-58e7dbcf3ba4": context deadline exceeded (Client.Timeout exceeded while awaiting headers)> , result:<>
2023-04-19T20:20:28.492+0800	[34mINFO[0m	clients/client_factory.go:47	logDir:<C:\Users\22378\GolandProjects\twenty_game\web\game_web\log>   cacheDir:<C:\Users\22378\GolandProjects\twenty_game\web\game_web\cache>
2023-04-19T20:55:37.163+0800	[34mINFO[0m	clients/client_factory.go:47	logDir:<C:\Users\22378\GolandProjects\twenty_game\web\game_web\log>   cacheDir:<C:\Users\22378\GolandProjects\twenty_game\web\game_web\cache>
2023-04-19T21:01:59.119+0800	[34mINFO[0m	clients/client_factory.go:47	logDir:<C:\Users\22378\GolandProjects\twenty_game\web\game_web\log>   cacheDir:<C:\Users\22378\GolandProjects\twenty_game\web\game_web\cache>
2023-04-19T21:02:31.003+0800	[34mINFO[0m	clients/client_factory.go:47	logDir:<C:\Users\22378\GolandProjects\twenty_game\web\game_web\log>   cacheDir:<C:\Users\22378\GolandProjects\twenty_game\web\game_web\cache>
2023-04-19T21:04:58.839+0800	[34mINFO[0m	clients/client_factory.go:47	logDir:<C:\Users\22378\GolandProjects\twenty_game\web\game_web\log>   cacheDir:<C:\Users\22378\GolandProjects\twenty_game\web\game_web\cache>
2023-04-19T21:23:15.549+0800	[34mINFO[0m	clients/client_factory.go:47	logDir:<C:\Users\22378\GolandProjects\twenty_game\web\game_web\log>   cacheDir:<C:\Users\22378\GolandProjects\twenty_game\web\game_web\cache>
2023-04-19T21:23:17.619+0800	[31mERROR[0m	nacos_server/nacos_server.go:199	api</v1/cs/configs>,method:<GET>, params:<{"dataId":"game_web.json","group":"dev","tenant":"d57ea382-6b60-4022-8c3f-58e7dbcf3ba4"}>, call domain error:<Get "http://192.168.159.134:8848/nacos/v1/cs/configs?dataId=game_web.json&group=dev&tenant=d57ea382-6b60-4022-8c3f-58e7dbcf3ba4": dial tcp 192.168.159.134:8848: connectex: No connection could be made because the target machine actively refused it.> , result:<>
2023-04-19T21:23:58.405+0800	[34mINFO[0m	clients/client_factory.go:47	logDir:<C:\Users\22378\GolandProjects\twenty_game\web\game_web\log>   cacheDir:<C:\Users\22378\GolandProjects\twenty_game\web\game_web\cache>
2023-04-19T21:30:32.764+0800	[34mINFO[0m	clients/client_factory.go:47	logDir:<C:\Users\22378\GolandProjects\twenty_game\web\game_web\log>   cacheDir:<C:\Users\22378\GolandProjects\twenty_game\web\game_web\cache>
2023-04-20T09:59:58.409+0800	[34mINFO[0m	clients/client_factory.go:47	logDir:<C:\Users\22378\GolandProjects\twenty_game\web\game_web\log>   cacheDir:<C:\Users\22378\GolandProjects\twenty_game\web\game_web\cache>
2023-04-20T10:00:08.425+0800	[31mERROR[0m	nacos_server/nacos_server.go:199	api</v1/cs/configs>,method:<GET>, params:<{"dataId":"game_web.json","group":"dev","tenant":"d57ea382-6b60-4022-8c3f-58e7dbcf3ba4"}>, call domain error:<Get "http://192.168.159.134:8848/nacos/v1/cs/configs?dataId=game_web.json&group=dev&tenant=d57ea382-6b60-4022-8c3f-58e7dbcf3ba4": context deadline exceeded (Client.Timeout exceeded while awaiting headers)> , result:<>
2023-04-20T21:24:22.348+0800	[34mINFO[0m	clients/client_factory.go:47	logDir:<C:\Users\22378\GolandProjects\twenty_game\web\game_web\log>   cacheDir:<C:\Users\22378\GolandProjects\twenty_game\web\game_web\cache>
2023-04-20T21:54:30.510+0800	[34mINFO[0m	clients/client_factory.go:47	logDir:<C:\Users\22378\GolandProjects\twenty_game\web\game_web\log>   cacheDir:<C:\Users\22378\GolandProjects\twenty_game\web\game_web\cache>
2023-04-21T12:04:45.622+0800	[34mINFO[0m	clients/client_factory.go:47	logDir:<C:\Users\22378\GolandProjects\twenty_game\web\game_web\log>   cacheDir:<C:\Users\22378\GolandProjects\twenty_game\web\game_web\cache>
2023-04-21T12:04:55.636+0800	[31mERROR[0m	nacos_server/nacos_server.go:199	api</v1/cs/configs>,method:<GET>, params:<{"dataId":"game_web.json","group":"dev","tenant":"d57ea382-6b60-4022-8c3f-58e7dbcf3ba4"}>, call domain error:<Get "http://192.168.159.134:8848/nacos/v1/cs/configs?dataId=game_web.json&group=dev&tenant=d57ea382-6b60-4022-8c3f-58e7dbcf3ba4": context deadline exceeded (Client.Timeout exceeded while awaiting headers)> , result:<>
2023-04-21T12:05:51.749+0800	[34mINFO[0m	clients/client_factory.go:47	logDir:<C:\Users\22378\GolandProjects\twenty_game\web\game_web\log>   cacheDir:<C:\Users\22378\GolandProjects\twenty_game\web\game_web\cache>
2023-04-21T19:39:49.359+0800	[34mINFO[0m	clients/client_factory.go:47	logDir:<C:\Users\22378\GolandProjects\twenty_game\web\game_web\log>   cacheDir:<C:\Users\22378\GolandProjects\twenty_game\web\game_web\cache>
2023-04-21T19:39:59.386+0800	[31mERROR[0m	nacos_server/nacos_server.go:199	api</v1/cs/configs>,method:<GET>, params:<{"dataId":"game_web.json","group":"dev","tenant":"d57ea382-6b60-4022-8c3f-58e7dbcf3ba4"}>, call domain error:<Get "http://192.168.159.134:8848/nacos/v1/cs/configs?dataId=game_web.json&group=dev&tenant=d57ea382-6b60-4022-8c3f-58e7dbcf3ba4": context deadline exceeded (Client.Timeout exceeded while awaiting headers)> , result:<>
2023-04-21T19:40:09.392+0800	[31mERROR[0m	nacos_server/nacos_server.go:199	api</v1/cs/configs>,method:<GET>, params:<{"dataId":"game_web.json","group":"dev","tenant":"d57ea382-6b60-4022-8c3f-58e7dbcf3ba4"}>, call domain error:<Get "http://192.168.159.134:8848/nacos/v1/cs/configs?dataId=game_web.json&group=dev&tenant=d57ea382-6b60-4022-8c3f-58e7dbcf3ba4": context deadline exceeded (Client.Timeout exceeded while awaiting headers)> , result:<>
2023-04-22T00:33:13.085+0800	[34mINFO[0m	clients/client_factory.go:47	logDir:<C:\Users\22378\GolandProjects\twenty_game\web\game_web\log>   cacheDir:<C:\Users\22378\GolandProjects\twenty_game\web\game_web\cache>
2023-04-22T10:41:54.573+0800	[34mINFO[0m	clients/client_factory.go:47	logDir:<C:\Users\22378\GolandProjects\twenty_game\web\game_web\log>   cacheDir:<C:\Users\22378\GolandProjects\twenty_game\web\game_web\cache>
2023-04-22T17:27:06.666+0800	[34mINFO[0m	clients/client_factory.go:47	logDir:<C:\Users\22378\GolandProjects\twenty_game\web\game_web\log>   cacheDir:<C:\Users\22378\GolandProjects\twenty_game\web\game_web\cache>
2023-04-22T17:27:16.693+0800	[31mERROR[0m	nacos_server/nacos_server.go:199	api</v1/cs/configs>,method:<GET>, params:<{"dataId":"game_web.json","group":"dev","tenant":"d57ea382-6b60-4022-8c3f-58e7dbcf3ba4"}>, call domain error:<Get "http://192.168.159.134:8848/nacos/v1/cs/configs?dataId=game_web.json&group=dev&tenant=d57ea382-6b60-4022-8c3f-58e7dbcf3ba4": context deadline exceeded (Client.Timeout exceeded while awaiting headers)> , result:<>
2023-04-22T17:27:26.703+0800	[31mERROR[0m	nacos_server/nacos_server.go:199	api</v1/cs/configs>,method:<GET>, params:<{"dataId":"game_web.json","group":"dev","tenant":"d57ea382-6b60-4022-8c3f-58e7dbcf3ba4"}>, call domain error:<Get "http://192.168.159.134:8848/nacos/v1/cs/configs?dataId=game_web.json&group=dev&tenant=d57ea382-6b60-4022-8c3f-58e7dbcf3ba4": context deadline exceeded (Client.Timeout exceeded while awaiting headers)> , result:<>
2023-04-22T17:27:36.705+0800	[31mERROR[0m	nacos_server/nacos_server.go:199	api</v1/cs/configs>,method:<GET>, params:<{"dataId":"game_web.json","group":"dev","tenant":"d57ea382-6b60-4022-8c3f-58e7dbcf3ba4"}>, call domain error:<Get "http://192.168.159.134:8848/nacos/v1/cs/configs?dataId=game_web.json&group=dev&tenant=d57ea382-6b60-4022-8c3f-58e7dbcf3ba4": context deadline exceeded (Client.Timeout exceeded while awaiting headers)> , result:<>
2023-04-22T17:27:36.705+0800	[31mERROR[0m	config_client/config_client.go:202	get config from server error:Get "http://192.168.159.134:8848/nacos/v1/cs/configs?dataId=game_web.json&group=dev&tenant=d57ea382-6b60-4022-8c3f-58e7dbcf3ba4": context deadline exceeded (Client.Timeout exceeded while awaiting headers) 
2023-04-22T23:13:35.220+0800	[34mINFO[0m	clients/client_factory.go:47	logDir:<C:\Users\22378\GolandProjects\twenty_game\web\game_web\log>   cacheDir:<C:\Users\22378\GolandProjects\twenty_game\web\game_web\cache>
2023-04-22T23:14:33.530+0800	[34mINFO[0m	clients/client_factory.go:47	logDir:<C:\Users\22378\GolandProjects\twenty_game\web\game_web\log>   cacheDir:<C:\Users\22378\GolandProjects\twenty_game\web\game_web\cache>
2023-04-22T23:33:05.260+0800	[34mINFO[0m	clients/client_factory.go:47	logDir:<C:\Users\22378\GolandProjects\twenty_game\web\game_web\log>   cacheDir:<C:\Users\22378\GolandProjects\twenty_game\web\game_web\cache>
2023-04-22T23:34:35.162+0800	[34mINFO[0m	clients/client_factory.go:47	logDir:<C:\Users\22378\GolandProjects\twenty_game\web\game_web\log>   cacheDir:<C:\Users\22378\GolandProjects\twenty_game\web\game_web\cache>
2023-04-24T23:58:20.479+0800	[34mINFO[0m	clients/client_factory.go:47	logDir:<C:\Users\22378\GolandProjects\twenty_game\web\game_web\log>   cacheDir:<C:\Users\22378\GolandProjects\twenty_game\web\game_web\cache>
2023-04-24T23:58:30.494+0800	[31mERROR[0m	nacos_server/nacos_server.go:199	api</v1/cs/configs>,method:<GET>, params:<{"dataId":"game_web.json","group":"dev","tenant":"d57ea382-6b60-4022-8c3f-58e7dbcf3ba4"}>, call domain error:<Get "http://192.168.159.134:8848/nacos/v1/cs/configs?dataId=game_web.json&group=dev&tenant=d57ea382-6b60-4022-8c3f-58e7dbcf3ba4": context deadline exceeded (Client.Timeout exceeded while awaiting headers)> , result:<>
2023-04-24T23:58:40.500+0800	[31mERROR[0m	nacos_server/nacos_server.go:199	api</v1/cs/configs>,method:<GET>, params:<{"dataId":"game_web.json","group":"dev","tenant":"d57ea382-6b60-4022-8c3f-58e7dbcf3ba4"}>, call domain error:<Get "http://192.168.159.134:8848/nacos/v1/cs/configs?dataId=game_web.json&group=dev&tenant=d57ea382-6b60-4022-8c3f-58e7dbcf3ba4": context deadline exceeded (Client.Timeout exceeded while awaiting headers)> , result:<>
2023-04-24T23:58:50.514+0800	[31mERROR[0m	nacos_server/nacos_server.go:199	api</v1/cs/configs>,method:<GET>, params:<{"dataId":"game_web.json","group":"dev","tenant":"d57ea382-6b60-4022-8c3f-58e7dbcf3ba4"}>, call domain error:<Get "http://192.168.159.134:8848/nacos/v1/cs/configs?tenant=d57ea382-6b60-4022-8c3f-58e7dbcf3ba4&dataId=game_web.json&group=dev": context deadline exceeded (Client.Timeout exceeded while awaiting headers)> , result:<>
2023-04-24T23:58:50.514+0800	[31mERROR[0m	config_client/config_client.go:202	get config from server error:Get "http://192.168.159.134:8848/nacos/v1/cs/configs?tenant=d57ea382-6b60-4022-8c3f-58e7dbcf3ba4&dataId=game_web.json&group=dev": context deadline exceeded (Client.Timeout exceeded while awaiting headers) 
2023-04-27T19:16:37.464+0800	[34mINFO[0m	clients/client_factory.go:47	logDir:<C:\Users\22378\GolandProjects\twenty_game\web\game_web\log>   cacheDir:<C:\Users\22378\GolandProjects\twenty_game\web\game_web\cache>
2023-04-28T11:23:26.839+0800	[34mINFO[0m	clients/client_factory.go:47	logDir:<C:\Users\22378\GolandProjects\twenty_game\web\game_web\log>   cacheDir:<C:\Users\22378\GolandProjects\twenty_game\web\game_web\cache>
2023-04-28T11:23:36.861+0800	[31mERROR[0m	nacos_server/nacos_server.go:199	api</v1/cs/configs>,method:<GET>, params:<{"dataId":"game_web.json","group":"dev","tenant":"d57ea382-6b60-4022-8c3f-58e7dbcf3ba4"}>, call domain error:<Get "http://192.168.159.134:8848/nacos/v1/cs/configs?dataId=game_web.json&group=dev&tenant=d57ea382-6b60-4022-8c3f-58e7dbcf3ba4": context deadline exceeded (Client.Timeout exceeded while awaiting headers)> , result:<>
2023-04-28T11:23:46.862+0800	[31mERROR[0m	nacos_server/nacos_server.go:199	api</v1/cs/configs>,method:<GET>, params:<{"dataId":"game_web.json","group":"dev","tenant":"d57ea382-6b60-4022-8c3f-58e7dbcf3ba4"}>, call domain error:<Get "http://192.168.159.134:8848/nacos/v1/cs/configs?dataId=game_web.json&group=dev&tenant=d57ea382-6b60-4022-8c3f-58e7dbcf3ba4": context deadline exceeded (Client.Timeout exceeded while awaiting headers)> , result:<>
2023-04-28T11:23:56.863+0800	[31mERROR[0m	nacos_server/nacos_server.go:199	api</v1/cs/configs>,method:<GET>, params:<{"dataId":"game_web.json","group":"dev","tenant":"d57ea382-6b60-4022-8c3f-58e7dbcf3ba4"}>, call domain error:<Get "http://192.168.159.134:8848/nacos/v1/cs/configs?dataId=game_web.json&group=dev&tenant=d57ea382-6b60-4022-8c3f-58e7dbcf3ba4": context deadline exceeded (Client.Timeout exceeded while awaiting headers)> , result:<>
2023-04-28T11:23:56.863+0800	[31mERROR[0m	config_client/config_client.go:202	get config from server error:Get "http://192.168.159.134:8848/nacos/v1/cs/configs?dataId=game_web.json&group=dev&tenant=d57ea382-6b60-4022-8c3f-58e7dbcf3ba4": context deadline exceeded (Client.Timeout exceeded while awaiting headers) 
2023-04-28T14:53:47.805+0800	[34mINFO[0m	clients/client_factory.go:47	logDir:<C:\Users\22378\GolandProjects\twenty_game\web\game_web\log>   cacheDir:<C:\Users\22378\GolandProjects\twenty_game\web\game_web\cache>
2023-04-29T13:39:12.749+0800	[34mINFO[0m	clients/client_factory.go:47	logDir:<C:\Users\22378\GolandProjects\twenty_game\web\game_web\log>   cacheDir:<C:\Users\22378\GolandProjects\twenty_game\web\game_web\cache>
2023-04-29T13:49:43.404+0800	[34mINFO[0m	clients/client_factory.go:47	logDir:<C:\Users\22378\GolandProjects\twenty_game\web\game_web\log>   cacheDir:<C:\Users\22378\GolandProjects\twenty_game\web\game_web\cache>
2023-04-29T18:49:18.931+0800	[34mINFO[0m	clients/client_factory.go:47	logDir:<C:\Users\22378\GolandProjects\twenty_game\web\game_web\log>   cacheDir:<C:\Users\22378\GolandProjects\twenty_game\web\game_web\cache>
2023-04-29T18:49:33.784+0800	[34mINFO[0m	clients/client_factory.go:47	logDir:<C:\Users\22378\GolandProjects\twenty_game\web\game_web\log>   cacheDir:<C:\Users\22378\GolandProjects\twenty_game\web\game_web\cache>
2023-04-29T23:44:53.212+0800	[34mINFO[0m	clients/client_factory.go:47	logDir:<C:\Users\22378\GolandProjects\twenty_game\web\game_web\log>   cacheDir:<C:\Users\22378\GolandProjects\twenty_game\web\game_web\cache>
2023-04-30T14:18:34.189+0800	[34mINFO[0m	clients/client_factory.go:47	logDir:<C:\Users\22378\GolandProjects\twenty_game\web\game_web\log>   cacheDir:<C:\Users\22378\GolandProjects\twenty_game\web\game_web\cache>
2023-04-30T16:02:45.634+0800	[34mINFO[0m	clients/client_factory.go:47	logDir:<C:\Users\22378\GolandProjects\twenty_game\web\game_web\log>   cacheDir:<C:\Users\22378\GolandProjects\twenty_game\web\game_web\cache>
