2023-04-13T18:35:20.104+0800	[34mINFO[0m	clients/client_factory.go:47	logDir:<C:\Users\22378\GolandProjects\twenty_game\game_api\user_web\log>   cacheDir:<C:\Users\22378\GolandProjects\twenty_game\game_api\user_web\cache>
2023-04-13T18:36:50.196+0800	[34mINFO[0m	clients/client_factory.go:47	logDir:<C:\Users\22378\GolandProjects\twenty_game\game_api\user_web\log>   cacheDir:<C:\Users\22378\GolandProjects\twenty_game\game_api\user_web\cache>
2023-04-14T15:20:04.576+0800	[34mINFO[0m	clients/client_factory.go:47	logDir:<C:\Users\22378\GolandProjects\twenty_game\game_api\user_web\log>   cacheDir:<C:\Users\22378\GolandProjects\twenty_game\game_api\user_web\cache>
2023-04-14T15:32:39.569+0800	[34mINFO[0m	clients/client_factory.go:47	logDir:<C:\Users\22378\GolandProjects\twenty_game\game_api\user_web\log>   cacheDir:<C:\Users\22378\GolandProjects\twenty_game\game_api\user_web\cache>
2023-04-14T15:54:36.175+0800	[34mINFO[0m	clients/client_factory.go:47	logDir:<C:\Users\22378\GolandProjects\twenty_game\game_api\user_web\log>   cacheDir:<C:\Users\22378\GolandProjects\twenty_game\game_api\user_web\cache>
2023-04-14T15:58:16.194+0800	[34mINFO[0m	clients/client_factory.go:47	logDir:<C:\Users\22378\GolandProjects\twenty_game\game_api\user_web\log>   cacheDir:<C:\Users\22378\GolandProjects\twenty_game\game_api\user_web\cache>
2023-04-14T16:09:22.151+0800	[34mINFO[0m	clients/client_factory.go:47	logDir:<C:\Users\22378\GolandProjects\twenty_game\game_api\user_web\log>   cacheDir:<C:\Users\22378\GolandProjects\twenty_game\game_api\user_web\cache>
2023-04-14T16:12:33.255+0800	[34mINFO[0m	clients/client_factory.go:47	logDir:<C:\Users\22378\GolandProjects\twenty_game\game_api\user_web\log>   cacheDir:<C:\Users\22378\GolandProjects\twenty_game\game_api\user_web\cache>
2023-04-14T16:20:35.210+0800	[34mINFO[0m	clients/client_factory.go:47	logDir:<C:\Users\22378\GolandProjects\twenty_game\game_api\user_web\log>   cacheDir:<C:\Users\22378\GolandProjects\twenty_game\game_api\user_web\cache>
2023-04-14T16:25:09.728+0800	[34mINFO[0m	clients/client_factory.go:47	logDir:<C:\Users\22378\GolandProjects\twenty_game\game_api\user_web\log>   cacheDir:<C:\Users\22378\GolandProjects\twenty_game\game_api\user_web\cache>
2023-04-14T16:26:42.692+0800	[34mINFO[0m	clients/client_factory.go:47	logDir:<C:\Users\22378\GolandProjects\twenty_game\game_api\user_web\log>   cacheDir:<C:\Users\22378\GolandProjects\twenty_game\game_api\user_web\cache>
2023-04-14T16:30:44.391+0800	[34mINFO[0m	clients/client_factory.go:47	logDir:<C:\Users\22378\GolandProjects\twenty_game\game_api\user_web\log>   cacheDir:<C:\Users\22378\GolandProjects\twenty_game\game_api\user_web\cache>
2023-04-14T16:33:22.418+0800	[34mINFO[0m	clients/client_factory.go:47	logDir:<C:\Users\22378\GolandProjects\twenty_game\game_api\user_web\log>   cacheDir:<C:\Users\22378\GolandProjects\twenty_game\game_api\user_web\cache>
2023-04-14T16:35:50.603+0800	[34mINFO[0m	clients/client_factory.go:47	logDir:<C:\Users\22378\GolandProjects\twenty_game\game_api\user_web\log>   cacheDir:<C:\Users\22378\GolandProjects\twenty_game\game_api\user_web\cache>
2023-04-14T16:39:55.768+0800	[34mINFO[0m	clients/client_factory.go:47	logDir:<C:\Users\22378\GolandProjects\twenty_game\game_api\user_web\log>   cacheDir:<C:\Users\22378\GolandProjects\twenty_game\game_api\user_web\cache>
2023-04-14T16:46:31.289+0800	[34mINFO[0m	clients/client_factory.go:47	logDir:<C:\Users\22378\GolandProjects\twenty_game\game_api\user_web\log>   cacheDir:<C:\Users\22378\GolandProjects\twenty_game\game_api\user_web\cache>
2023-04-14T16:47:49.752+0800	[34mINFO[0m	clients/client_factory.go:47	logDir:<C:\Users\22378\GolandProjects\twenty_game\game_api\user_web\log>   cacheDir:<C:\Users\22378\GolandProjects\twenty_game\game_api\user_web\cache>
2023-04-14T16:50:07.375+0800	[34mINFO[0m	clients/client_factory.go:47	logDir:<C:\Users\22378\GolandProjects\twenty_game\game_api\user_web\log>   cacheDir:<C:\Users\22378\GolandProjects\twenty_game\game_api\user_web\cache>
2023-04-14T16:58:11.241+0800	[34mINFO[0m	clients/client_factory.go:47	logDir:<C:\Users\22378\GolandProjects\twenty_game\game_api\user_web\log>   cacheDir:<C:\Users\22378\GolandProjects\twenty_game\game_api\user_web\cache>
2023-04-14T17:08:03.406+0800	[34mINFO[0m	clients/client_factory.go:47	logDir:<C:\Users\22378\GolandProjects\twenty_game\game_api\user_web\log>   cacheDir:<C:\Users\22378\GolandProjects\twenty_game\game_api\user_web\cache>
2023-04-14T20:56:05.198+0800	[34mINFO[0m	clients/client_factory.go:47	logDir:<C:\Users\22378\GolandProjects\twenty_game\game_api\user_web\log>   cacheDir:<C:\Users\22378\GolandProjects\twenty_game\game_api\user_web\cache>
2023-04-14T21:03:56.013+0800	[34mINFO[0m	clients/client_factory.go:47	logDir:<C:\Users\22378\GolandProjects\twenty_game\game_api\user_web\log>   cacheDir:<C:\Users\22378\GolandProjects\twenty_game\game_api\user_web\cache>
2023-04-14T21:12:18.466+0800	[34mINFO[0m	clients/client_factory.go:47	logDir:<C:\Users\22378\GolandProjects\twenty_game\game_api\user_web\log>   cacheDir:<C:\Users\22378\GolandProjects\twenty_game\game_api\user_web\cache>
2023-04-14T21:19:05.403+0800	[34mINFO[0m	clients/client_factory.go:47	logDir:<C:\Users\22378\GolandProjects\twenty_game\game_api\user_web\log>   cacheDir:<C:\Users\22378\GolandProjects\twenty_game\game_api\user_web\cache>
2023-04-14T21:34:04.746+0800	[34mINFO[0m	clients/client_factory.go:47	logDir:<C:\Users\22378\GolandProjects\twenty_game\game_api\user_web\log>   cacheDir:<C:\Users\22378\GolandProjects\twenty_game\game_api\user_web\cache>
2023-04-14T21:38:24.067+0800	[34mINFO[0m	clients/client_factory.go:47	logDir:<C:\Users\22378\GolandProjects\twenty_game\game_api\user_web\log>   cacheDir:<C:\Users\22378\GolandProjects\twenty_game\game_api\user_web\cache>
2023-04-14T21:39:33.413+0800	[34mINFO[0m	clients/client_factory.go:47	logDir:<C:\Users\22378\GolandProjects\twenty_game\game_api\user_web\log>   cacheDir:<C:\Users\22378\GolandProjects\twenty_game\game_api\user_web\cache>
2023-04-15T08:33:17.494+0800	[34mINFO[0m	clients/client_factory.go:47	logDir:<C:\Users\22378\GolandProjects\twenty_game\game_api\user_web\log>   cacheDir:<C:\Users\22378\GolandProjects\twenty_game\game_api\user_web\cache>
2023-04-15T08:35:46.415+0800	[34mINFO[0m	clients/client_factory.go:47	logDir:<C:\Users\22378\GolandProjects\twenty_game\game_api\user_web\log>   cacheDir:<C:\Users\22378\GolandProjects\twenty_game\game_api\user_web\cache>
2023-04-15T08:46:02.994+0800	[34mINFO[0m	clients/client_factory.go:47	logDir:<C:\Users\22378\GolandProjects\twenty_game\game_api\user_web\log>   cacheDir:<C:\Users\22378\GolandProjects\twenty_game\game_api\user_web\cache>
2023-04-16T18:17:57.135+0800	[34mINFO[0m	clients/client_factory.go:47	logDir:<C:\Users\22378\GolandProjects\twenty_game\web\user_web\log>   cacheDir:<C:\Users\22378\GolandProjects\twenty_game\web\user_web\cache>
2023-04-16T18:24:41.439+0800	[34mINFO[0m	clients/client_factory.go:47	logDir:<C:\Users\22378\GolandProjects\twenty_game\web\user_web\log>   cacheDir:<C:\Users\22378\GolandProjects\twenty_game\web\user_web\cache>
2023-04-16T18:27:21.895+0800	[34mINFO[0m	clients/client_factory.go:47	logDir:<C:\Users\22378\GolandProjects\twenty_game\web\user_web\log>   cacheDir:<C:\Users\22378\GolandProjects\twenty_game\web\user_web\cache>
2023-04-16T18:31:12.555+0800	[34mINFO[0m	clients/client_factory.go:47	logDir:<C:\Users\22378\GolandProjects\twenty_game\web\user_web\log>   cacheDir:<C:\Users\22378\GolandProjects\twenty_game\web\user_web\cache>
2023-04-18T15:09:58.829+0800	[34mINFO[0m	clients/client_factory.go:47	logDir:<C:\Users\22378\GolandProjects\twenty_game\web\user_web\log>   cacheDir:<C:\Users\22378\GolandProjects\twenty_game\web\user_web\cache>
2023-04-19T15:15:36.399+0800	[34mINFO[0m	clients/client_factory.go:47	logDir:<C:\Users\22378\GolandProjects\twenty_game\web\user_web\log>   cacheDir:<C:\Users\22378\GolandProjects\twenty_game\web\user_web\cache>
2023-04-19T15:24:00.691+0800	[34mINFO[0m	clients/client_factory.go:47	logDir:<C:\Users\22378\GolandProjects\twenty_game\web\user_web\log>   cacheDir:<C:\Users\22378\GolandProjects\twenty_game\web\user_web\cache>
2023-04-30T16:20:03.488+0800	[34mINFO[0m	clients/client_factory.go:47	logDir:<C:\Users\22378\GolandProjects\twenty_game\web\user_web\log>   cacheDir:<C:\Users\22378\GolandProjects\twenty_game\web\user_web\cache>
2023-05-02T22:21:36.632+0800	[34mINFO[0m	clients/client_factory.go:47	logDir:<C:\Users\22378\GolandProjects\twenty_game\web\user_web\log>   cacheDir:<C:\Users\22378\GolandProjects\twenty_game\web\user_web\cache>
2023-05-02T22:35:22.043+0800	[34mINFO[0m	clients/client_factory.go:47	logDir:<C:\Users\22378\GolandProjects\twenty_game\web\user_web\log>   cacheDir:<C:\Users\22378\GolandProjects\twenty_game\web\user_web\cache>
2023-05-02T22:35:32.057+0800	[31mERROR[0m	nacos_server/nacos_server.go:199	api</v1/cs/configs>,method:<GET>, params:<{"dataId":"user_web.json","group":"dev","tenant":"d57ea382-6b60-4022-8c3f-58e7dbcf3ba4"}>, call domain error:<Get "http://192.168.159.134:8848/nacos/v1/cs/configs?dataId=user_web.json&group=dev&tenant=d57ea382-6b60-4022-8c3f-58e7dbcf3ba4": context deadline exceeded (Client.Timeout exceeded while awaiting headers)> , result:<>
2023-05-02T22:35:42.058+0800	[31mERROR[0m	nacos_server/nacos_server.go:199	api</v1/cs/configs>,method:<GET>, params:<{"dataId":"user_web.json","group":"dev","tenant":"d57ea382-6b60-4022-8c3f-58e7dbcf3ba4"}>, call domain error:<Get "http://192.168.159.134:8848/nacos/v1/cs/configs?dataId=user_web.json&group=dev&tenant=d57ea382-6b60-4022-8c3f-58e7dbcf3ba4": context deadline exceeded (Client.Timeout exceeded while awaiting headers)> , result:<>
2023-05-12T15:25:18.360+0800	[34mINFO[0m	clients/client_factory.go:47	logDir:<C:\Users\22378\GolandProjects\twenty_game\web\user_web\log>   cacheDir:<C:\Users\22378\GolandProjects\twenty_game\web\user_web\cache>
2023-05-12T15:25:28.385+0800	[31mERROR[0m	nacos_server/nacos_server.go:199	api</v1/cs/configs>,method:<GET>, params:<{"dataId":"user_web.json","group":"dev","tenant":"d57ea382-6b60-4022-8c3f-58e7dbcf3ba4"}>, call domain error:<Get "http://192.168.159.134:8848/nacos/v1/cs/configs?tenant=d57ea382-6b60-4022-8c3f-58e7dbcf3ba4&dataId=user_web.json&group=dev": context deadline exceeded (Client.Timeout exceeded while awaiting headers)> , result:<>
2023-05-12T15:48:04.962+0800	[34mINFO[0m	clients/client_factory.go:47	logDir:<C:\Users\22378\GolandProjects\twenty_game\web\user_web\log>   cacheDir:<C:\Users\22378\GolandProjects\twenty_game\web\user_web\cache>
2023-06-25T23:24:51.039+0800	[34mINFO[0m	clients/client_factory.go:47	logDir:<C:\Users\22378\GolandProjects\twenty_game\web\user_web\log>   cacheDir:<C:\Users\22378\GolandProjects\twenty_game\web\user_web\cache>
2023-07-02T10:26:16.147+0800	[34mINFO[0m	clients/client_factory.go:47	logDir:<C:\Users\22378\GolandProjects\twenty_game\web\user_web\log>   cacheDir:<C:\Users\22378\GolandProjects\twenty_game\web\user_web\cache>
2023-08-03T23:49:31.431+0800	[34mINFO[0m	clients/client_factory.go:47	logDir:<C:\Users\22378\GolandProjects\twenty-game\web\user_web\log>   cacheDir:<C:\Users\22378\GolandProjects\twenty-game\web\user_web\cache>
2023-08-06T00:32:32.245+0800	[34mINFO[0m	clients/client_factory.go:47	logDir:<C:\Users\22378\GolandProjects\twenty-game\cmd\user_web\log>   cacheDir:<C:\Users\22378\GolandProjects\twenty-game\cmd\user_web\cache>
2023-08-06T00:56:11.597+0800	[34mINFO[0m	clients/client_factory.go:47	logDir:<C:\Users\22378\GolandProjects\twenty-game\cmd\user_web\log>   cacheDir:<C:\Users\22378\GolandProjects\twenty-game\cmd\user_web\cache>
2023-08-07T13:18:16.991+0800	[34mINFO[0m	clients/client_factory.go:47	logDir:</root/twenty_game/cmd/Game-user_web/log>   cacheDir:</root/twenty_game/cmd/Game-user_web/cache>
2023-08-07T13:19:23.974+0800	[34mINFO[0m	clients/client_factory.go:47	logDir:</root/twenty_game/cmd/Game-user_web/log>   cacheDir:</root/twenty_game/cmd/Game-user_web/cache>
2023-08-07T13:20:44.717+0800	[34mINFO[0m	clients/client_factory.go:47	logDir:</root/twenty_game/cmd/Game-user_web/log>   cacheDir:</root/twenty_game/cmd/Game-user_web/cache>
2023-08-07T13:26:21.497+0800	[34mINFO[0m	clients/client_factory.go:47	logDir:</root/twenty_game/cmd/Game-user_web/log>   cacheDir:</root/twenty_game/cmd/Game-user_web/cache>
2023-08-07T13:33:48.790+0800	[34mINFO[0m	clients/client_factory.go:47	logDir:</root/twenty_game/cmd/Game-user_web/log>   cacheDir:</root/twenty_game/cmd/Game-user_web/cache>
2023-08-07T15:35:51.622+0800	[34mINFO[0m	clients/client_factory.go:47	logDir:</root/twenty_game/cmd/Game-user_web/log>   cacheDir:</root/twenty_game/cmd/Game-user_web/cache>
2023-08-07T22:22:52.529+0800	[34mINFO[0m	clients/client_factory.go:47	logDir:</root/twenty_game/cmd/Game-user_web/log>   cacheDir:</root/twenty_game/cmd/Game-user_web/cache>
2023-08-07T22:26:43.133+0800	[34mINFO[0m	clients/client_factory.go:47	logDir:</root/twenty_game/cmd/Game-user_web/log>   cacheDir:</root/twenty_game/cmd/Game-user_web/cache>
2023-08-08T00:33:44.398+0800	[34mINFO[0m	clients/client_factory.go:47	logDir:</root/twenty_game/cmd/Game-user_web/log>   cacheDir:</root/twenty_game/cmd/Game-user_web/cache>
2023-08-08T00:37:13.720+0800	[34mINFO[0m	clients/client_factory.go:47	logDir:</root/twenty_game/cmd/Game-user_web/log>   cacheDir:</root/twenty_game/cmd/Game-user_web/cache>
2023-08-08T11:51:05.205+0800	[34mINFO[0m	clients/client_factory.go:47	logDir:</root/twenty_game/cmd/Game-user_web/log>   cacheDir:</root/twenty_game/cmd/Game-user_web/cache>
2023-08-08T11:55:26.276+0800	[34mINFO[0m	clients/client_factory.go:47	logDir:</root/twenty_game/cmd/Game-user_web/log>   cacheDir:</root/twenty_game/cmd/Game-user_web/cache>
2023-08-08T12:10:09.129+0800	[34mINFO[0m	clients/client_factory.go:47	logDir:</root/twenty_game/cmd/Game-user_web/log>   cacheDir:</root/twenty_game/cmd/Game-user_web/cache>
2023-08-08T12:22:24.626+0800	[34mINFO[0m	clients/client_factory.go:47	logDir:</root/twenty_game/cmd/Game-user_web/log>   cacheDir:</root/twenty_game/cmd/Game-user_web/cache>
